[INFO](2022/12/12/ 01:58:57 PM) 
[WELCOME] Unfolding configurations...!
[INFO](2022/12/12/ 01:58:57 PM) {'global_config': {'seed': 5959, 'device': 'cuda', 'is_mp': True}}
[INFO](2022/12/12/ 01:58:57 PM) {'data_config': {'data_path': './data/', 'dataset_name': 'MNIST', 'num_shards': 200, 'iid': False}}
[INFO](2022/12/12/ 01:58:57 PM) {'fed_config': {'C': 0.1, 'K': 100, 'R': 10, 'E': 10, 'B': 10, 'criterion': 'torch.nn.CrossEntropyLoss', 'optimizer': 'torch.optim.SGD'}}
[INFO](2022/12/12/ 01:58:57 PM) {'optim_config': {'lr': 0.01, 'momentum': 0.9}}
[INFO](2022/12/12/ 01:58:57 PM) {'init_config': {'init_type': 'xavier', 'init_gain': 1.0, 'gpu_ids': [0]}}
[INFO](2022/12/12/ 01:58:57 PM) {'model_config': {'name': 'CNN', 'in_channels': 1, 'hidden_channels': 32, 'num_hiddens': 512, 'num_classes': 10}}
[INFO](2022/12/12/ 01:58:57 PM) {'log_config': {'log_path': './log/2022-12-12_13:58:54', 'log_name': 'FL.log', 'tb_port': 5252, 'tb_host': '0.0.0.0'}}
[INFO](2022/12/12/ 01:58:58 PM) [Round: 0000] ...successfully initialized model (# parameters: 1662752)!
[INFO](2022/12/12/ 01:58:58 PM) [Round: 0000] ...successfully created all 100 clients!
[INFO](2022/12/12/ 01:58:58 PM) [Round: 0000] ...successfully finished setup of all 100 clients!
[INFO](2022/12/12/ 01:58:58 PM) [Round: 0000] ...successfully transmitted models to all 100 clients!
[INFO](2022/12/12/ 01:58:58 PM) [Round: 0001] Select clients...!
[INFO](2022/12/12/ 01:58:58 PM) [Round: 0001] ...successfully transmitted models to 10 selected clients!
[INFO](2022/12/12/ 01:58:58 PM) [Round: 0001] Start updating selected client 0019...!
[INFO](2022/12/12/ 01:58:58 PM) [Round: 0001] Start updating selected client 0004...!
[INFO](2022/12/12/ 01:58:58 PM) [Round: 0001] Start updating selected client 0023...!
[INFO](2022/12/12/ 01:58:58 PM) [Round: 0001] Start updating selected client 0052...!
[INFO](2022/12/12/ 01:58:58 PM) [Round: 0001] Start updating selected client 0063...!
[INFO](2022/12/12/ 01:58:58 PM) [Round: 0001] Start updating selected client 0025...!
[INFO](2022/12/12/ 01:58:59 PM) [Round: 0001] Start updating selected client 0032...!
[INFO](2022/12/12/ 01:58:59 PM) [Round: 0001] Start updating selected client 0062...!
[INFO](2022/12/12/ 01:58:59 PM) [Round: 0001] Start updating selected client 0078...!
[INFO](2022/12/12/ 01:58:59 PM) [Round: 0001] Start updating selected client 0080...!
[INFO](2022/12/12/ 01:59:03 PM) [Round: 0001] ...client 0004 is selected and updated (with total sample size: 600)!
[INFO](2022/12/12/ 01:59:04 PM) [Round: 0001] ...client 0078 is selected and updated (with total sample size: 600)!
[INFO](2022/12/12/ 01:59:05 PM) [Round: 0001] ...client 0062 is selected and updated (with total sample size: 600)!
[INFO](2022/12/12/ 01:59:05 PM) [Round: 0001] ...client 0023 is selected and updated (with total sample size: 600)!
[INFO](2022/12/12/ 01:59:05 PM) [Round: 0001] ...client 0032 is selected and updated (with total sample size: 600)!
[INFO](2022/12/12/ 01:59:05 PM) [Round: 0001] ...client 0025 is selected and updated (with total sample size: 600)!
[INFO](2022/12/12/ 01:59:06 PM) [Round: 0001] ...client 0063 is selected and updated (with total sample size: 600)!
[INFO](2022/12/12/ 01:59:06 PM) [Round: 0001] ...client 0019 is selected and updated (with total sample size: 600)!
[INFO](2022/12/12/ 01:59:06 PM) [Round: 0001] ...client 0080 is selected and updated (with total sample size: 600)!
[INFO](2022/12/12/ 01:59:06 PM) [Round: 0001] ...client 0052 is selected and updated (with total sample size: 600)!
[INFO](2022/12/12/ 01:59:06 PM) [Round: 0001] Evaluate selected 10 clients' models...!
[INFO](2022/12/12/ 01:59:07 PM) 	[Client 0062] ...finished evaluation!            
	=> Test loss: 0.0003            
	=> Test accuracy: 100.00%

[INFO](2022/12/12/ 01:59:07 PM) 	[Client 0078] ...finished evaluation!            
	=> Test loss: 0.0001            
	=> Test accuracy: 100.00%

[INFO](2022/12/12/ 01:59:07 PM) 	[Client 0052] ...finished evaluation!            
	=> Test loss: 0.0004            
	=> Test accuracy: 100.00%

[INFO](2022/12/12/ 01:59:07 PM) 	[Client 0032] ...finished evaluation!            
	=> Test loss: 0.0004            
	=> Test accuracy: 100.00%

[INFO](2022/12/12/ 01:59:07 PM) 	[Client 0023] ...finished evaluation!            
	=> Test loss: 0.0001            
	=> Test accuracy: 100.00%

[INFO](2022/12/12/ 01:59:07 PM) 	[Client 0063] ...finished evaluation!            
	=> Test loss: 0.0001            
	=> Test accuracy: 100.00%

[INFO](2022/12/12/ 01:59:07 PM) 	[Client 0080] ...finished evaluation!            
	=> Test loss: 0.0001            
	=> Test accuracy: 100.00%

[INFO](2022/12/12/ 01:59:08 PM) 	[Client 0025] ...finished evaluation!            
	=> Test loss: 0.0000            
	=> Test accuracy: 100.00%

[INFO](2022/12/12/ 01:59:08 PM) 	[Client 0019] ...finished evaluation!            
	=> Test loss: 0.0006            
	=> Test accuracy: 100.00%

[INFO](2022/12/12/ 01:59:08 PM) 	[Client 0004] ...finished evaluation!            
	=> Test loss: 0.0023            
	=> Test accuracy: 100.00%

[INFO](2022/12/12/ 01:59:08 PM) [Round: 0001] Aggregate updated weights of 10 clients...!
[INFO](2022/12/12/ 01:59:08 PM) [Round: 0001] ...updated weights of 10 clients are successfully averaged!
[INFO](2022/12/12/ 01:59:11 PM) [Round: 0001] Evaluate global model's performance...!                
	[Server] ...finished evaluation!                
	=> Loss: 2.0525                
	=> Accuracy: 35.49%

[INFO](2022/12/12/ 01:59:11 PM) [Round: 0002] Select clients...!
[INFO](2022/12/12/ 01:59:11 PM) [Round: 0002] ...successfully transmitted models to 10 selected clients!
[INFO](2022/12/12/ 01:59:11 PM) [Round: 0002] Start updating selected client 0024...!
[INFO](2022/12/12/ 01:59:11 PM) [Round: 0002] Start updating selected client 0040...!
[INFO](2022/12/12/ 01:59:11 PM) [Round: 0002] Start updating selected client 0015...!
[INFO](2022/12/12/ 01:59:11 PM) [Round: 0002] Start updating selected client 0025...!
[INFO](2022/12/12/ 01:59:11 PM) [Round: 0002] Start updating selected client 0053...!
[INFO](2022/12/12/ 01:59:11 PM) [Round: 0002] Start updating selected client 0070...!
[INFO](2022/12/12/ 01:59:11 PM) [Round: 0002] Start updating selected client 0084...!
[INFO](2022/12/12/ 01:59:11 PM) [Round: 0002] Start updating selected client 0069...!
[INFO](2022/12/12/ 01:59:11 PM) [Round: 0002] Start updating selected client 0092...!
[INFO](2022/12/12/ 01:59:11 PM) [Round: 0002] Start updating selected client 0072...!
[INFO](2022/12/12/ 01:59:13 PM) [Round: 0002] ...client 0092 is selected and updated (with total sample size: 600)!
[INFO](2022/12/12/ 01:59:14 PM) [Round: 0002] ...client 0025 is selected and updated (with total sample size: 600)!
[INFO](2022/12/12/ 01:59:14 PM) [Round: 0002] ...client 0070 is selected and updated (with total sample size: 600)!
[INFO](2022/12/12/ 01:59:15 PM) [Round: 0002] ...client 0072 is selected and updated (with total sample size: 600)!
