[INFO](2022/12/01/ 02:09:45 PM) 
[WELCOME] Unfolding configurations...!
[INFO](2022/12/01/ 02:09:45 PM) {'global_config': {'seed': 5959, 'device': 'cuda', 'is_mp': True}}
[INFO](2022/12/01/ 02:09:45 PM) {'data_config': {'data_path': './data/', 'dataset_name': 'MNIST', 'num_shards': 200, 'iid': False}}
[INFO](2022/12/01/ 02:09:45 PM) {'fed_config': {'C': 0.1, 'K': 100, 'R': 10, 'E': 10, 'B': 10, 'criterion': 'torch.nn.CrossEntropyLoss', 'optimizer': 'torch.optim.SGD'}}
[INFO](2022/12/01/ 02:09:45 PM) {'optim_config': {'lr': 0.01, 'momentum': 0.9}}
[INFO](2022/12/01/ 02:09:45 PM) {'init_config': {'init_type': 'xavier', 'init_gain': 1.0, 'gpu_ids': [0]}}
[INFO](2022/12/01/ 02:09:45 PM) {'model_config': {'name': 'CNN', 'in_channels': 1, 'hidden_channels': 32, 'num_hiddens': 512, 'num_classes': 10}}
[INFO](2022/12/01/ 02:09:45 PM) {'log_config': {'log_path': './log/2022-12-01_14:09:42', 'log_name': 'FL.log', 'tb_port': 5252, 'tb_host': '0.0.0.0'}}
[INFO](2022/12/01/ 02:09:46 PM) [Round: 0000] ...successfully initialized model (# parameters: 1662752)!
[INFO](2022/12/01/ 02:09:46 PM) [Round: 0000] ...successfully created all 100 clients!
[INFO](2022/12/01/ 02:09:46 PM) [Round: 0000] ...successfully finished setup of all 100 clients!
[INFO](2022/12/01/ 02:09:46 PM) [Round: 0000] ...successfully transmitted models to all 100 clients!
[INFO](2022/12/01/ 02:09:46 PM) [Round: 0001] Select clients...!
[INFO](2022/12/01/ 02:09:46 PM) [Round: 0001] ...successfully transmitted models to 10 selected clients!
[INFO](2022/12/01/ 02:09:46 PM) [Round: 0001] Start updating selected client 0004...!
[INFO](2022/12/01/ 02:09:46 PM) [Round: 0001] Start updating selected client 0009...!
[INFO](2022/12/01/ 02:09:46 PM) [Round: 0001] Start updating selected client 0026...!
[INFO](2022/12/01/ 02:09:46 PM) [Round: 0001] Start updating selected client 0017...!
[INFO](2022/12/01/ 02:09:46 PM) [Round: 0001] Start updating selected client 0056...!
[INFO](2022/12/01/ 02:09:46 PM) [Round: 0001] Start updating selected client 0048...!
[INFO](2022/12/01/ 02:09:46 PM) [Round: 0001] Start updating selected client 0093...!
[INFO](2022/12/01/ 02:09:46 PM) [Round: 0001] Start updating selected client 0094...!
[INFO](2022/12/01/ 02:09:46 PM) [Round: 0001] Start updating selected client 0078...!
[INFO](2022/12/01/ 02:09:46 PM) [Round: 0001] Start updating selected client 0077...!
[INFO](2022/12/01/ 02:09:50 PM) [Round: 0001] ...client 0017 is selected and updated (with total sample size: 600)!
[INFO](2022/12/01/ 02:09:50 PM) [Round: 0001] ...client 0056 is selected and updated (with total sample size: 600)!
[INFO](2022/12/01/ 02:09:50 PM) [Round: 0001] ...client 0078 is selected and updated (with total sample size: 600)!
[INFO](2022/12/01/ 02:09:51 PM) [Round: 0001] ...client 0094 is selected and updated (with total sample size: 600)!
[INFO](2022/12/01/ 02:09:51 PM) [Round: 0001] ...client 0077 is selected and updated (with total sample size: 600)!
[INFO](2022/12/01/ 02:09:51 PM) [Round: 0001] ...client 0009 is selected and updated (with total sample size: 600)!
[INFO](2022/12/01/ 02:09:51 PM) [Round: 0001] ...client 0026 is selected and updated (with total sample size: 600)!
[INFO](2022/12/01/ 02:09:51 PM) [Round: 0001] ...client 0093 is selected and updated (with total sample size: 600)!
[INFO](2022/12/01/ 02:09:51 PM) [Round: 0001] ...client 0048 is selected and updated (with total sample size: 600)!
[INFO](2022/12/01/ 02:09:51 PM) [Round: 0001] ...client 0004 is selected and updated (with total sample size: 600)!
[INFO](2022/12/01/ 02:09:51 PM) [Round: 0001] Evaluate selected 10 clients' models...!
[INFO](2022/12/01/ 02:09:52 PM) 	[Client 0078] ...finished evaluation!            
	=> Test loss: 0.0001            
	=> Test accuracy: 100.00%

[INFO](2022/12/01/ 02:09:52 PM) 	[Client 0048] ...finished evaluation!            
	=> Test loss: 0.0002            
	=> Test accuracy: 100.00%

[INFO](2022/12/01/ 02:09:52 PM) 	[Client 0077] ...finished evaluation!            
	=> Test loss: 0.0004            
	=> Test accuracy: 100.00%

[INFO](2022/12/01/ 02:09:52 PM) 	[Client 0009] ...finished evaluation!            
	=> Test loss: 0.0013            
	=> Test accuracy: 100.00%

[INFO](2022/12/01/ 02:09:52 PM) 	[Client 0026] ...finished evaluation!            
	=> Test loss: 0.0013            
	=> Test accuracy: 100.00%

[INFO](2022/12/01/ 02:09:52 PM) 	[Client 0093] ...finished evaluation!            
	=> Test loss: 0.0001            
	=> Test accuracy: 100.00%

[INFO](2022/12/01/ 02:09:52 PM) 	[Client 0004] ...finished evaluation!            
	=> Test loss: 0.0019            
	=> Test accuracy: 100.00%

[INFO](2022/12/01/ 02:09:52 PM) 	[Client 0017] ...finished evaluation!            
	=> Test loss: 0.0006            
	=> Test accuracy: 100.00%

[INFO](2022/12/01/ 02:09:52 PM) 	[Client 0094] ...finished evaluation!            
	=> Test loss: 0.0007            
	=> Test accuracy: 100.00%

[INFO](2022/12/01/ 02:09:52 PM) 	[Client 0056] ...finished evaluation!            
	=> Test loss: 0.0009            
	=> Test accuracy: 100.00%

[INFO](2022/12/01/ 02:09:52 PM) [Round: 0001] Aggregate updated weights of 10 clients...!
[INFO](2022/12/01/ 02:09:52 PM) [Round: 0001] ...updated weights of 10 clients are successfully averaged!
[INFO](2022/12/01/ 02:09:52 PM) [Round: 0001] Evaluate global model's performance...!                
	[Server] ...finished evaluation!                
	=> Loss: 1.9923                
	=> Accuracy: 31.91%

[INFO](2022/12/01/ 02:09:52 PM) [Round: 0002] Select clients...!
[INFO](2022/12/01/ 02:09:52 PM) [Round: 0002] ...successfully transmitted models to 10 selected clients!
[INFO](2022/12/01/ 02:09:52 PM) [Round: 0002] Start updating selected client 0011...!
[INFO](2022/12/01/ 02:09:52 PM) [Round: 0002] Start updating selected client 0015...!
[INFO](2022/12/01/ 02:09:52 PM) [Round: 0002] Start updating selected client 0016...!
[INFO](2022/12/01/ 02:09:52 PM) [Round: 0002] Start updating selected client 0059...!
[INFO](2022/12/01/ 02:09:52 PM) [Round: 0002] Start updating selected client 0060...!
[INFO](2022/12/01/ 02:09:52 PM) [Round: 0002] Start updating selected client 0065...!
[INFO](2022/12/01/ 02:09:52 PM) [Round: 0002] Start updating selected client 0069...!
[INFO](2022/12/01/ 02:09:52 PM) [Round: 0002] Start updating selected client 0070...!
[INFO](2022/12/01/ 02:09:53 PM) [Round: 0002] Start updating selected client 0082...!
[INFO](2022/12/01/ 02:09:53 PM) [Round: 0002] Start updating selected client 0084...!
[INFO](2022/12/01/ 02:09:55 PM) [Round: 0002] ...client 0011 is selected and updated (with total sample size: 600)!
[INFO](2022/12/01/ 02:09:55 PM) [Round: 0002] ...client 0065 is selected and updated (with total sample size: 600)!
[INFO](2022/12/01/ 02:09:56 PM) [Round: 0002] ...client 0070 is selected and updated (with total sample size: 600)!
[INFO](2022/12/01/ 02:09:56 PM) [Round: 0002] ...client 0059 is selected and updated (with total sample size: 600)!
[INFO](2022/12/01/ 02:09:57 PM) [Round: 0002] ...client 0069 is selected and updated (with total sample size: 600)!
[INFO](2022/12/01/ 02:09:57 PM) [Round: 0002] ...client 0016 is selected and updated (with total sample size: 600)!
[INFO](2022/12/01/ 02:09:57 PM) [Round: 0002] ...client 0082 is selected and updated (with total sample size: 600)!
[INFO](2022/12/01/ 02:09:57 PM) [Round: 0002] ...client 0060 is selected and updated (with total sample size: 600)!
[INFO](2022/12/01/ 02:09:57 PM) [Round: 0002] ...client 0015 is selected and updated (with total sample size: 600)!
[INFO](2022/12/01/ 02:09:57 PM) [Round: 0002] ...client 0084 is selected and updated (with total sample size: 600)!
[INFO](2022/12/01/ 02:09:57 PM) [Round: 0002] Evaluate selected 10 clients' models...!
[INFO](2022/12/01/ 02:09:57 PM) 	[Client 0069] ...finished evaluation!            
	=> Test loss: 0.0006            
	=> Test accuracy: 100.00%

[INFO](2022/12/01/ 02:09:57 PM) 	[Client 0082] ...finished evaluation!            
	=> Test loss: 0.0001            
	=> Test accuracy: 100.00%

[INFO](2022/12/01/ 02:09:57 PM) 	[Client 0016] ...finished evaluation!            
	=> Test loss: 0.0004            
	=> Test accuracy: 100.00%

[INFO](2022/12/01/ 02:09:57 PM) 	[Client 0084] ...finished evaluation!            
	=> Test loss: 0.0008            
	=> Test accuracy: 100.00%

[INFO](2022/12/01/ 02:09:58 PM) 	[Client 0070] ...finished evaluation!            
	=> Test loss: 0.0001            
	=> Test accuracy: 100.00%

[INFO](2022/12/01/ 02:09:58 PM) 	[Client 0065] ...finished evaluation!            
	=> Test loss: 0.0001            
	=> Test accuracy: 100.00%

[INFO](2022/12/01/ 02:09:58 PM) 	[Client 0015] ...finished evaluation!            
	=> Test loss: 0.0003            
	=> Test accuracy: 100.00%

[INFO](2022/12/01/ 02:09:58 PM) 	[Client 0060] ...finished evaluation!            
	=> Test loss: 0.0001            
	=> Test accuracy: 100.00%

[INFO](2022/12/01/ 02:09:58 PM) 	[Client 0011] ...finished evaluation!            
	=> Test loss: 0.0004            
	=> Test accuracy: 100.00%

[INFO](2022/12/01/ 02:09:58 PM) 	[Client 0059] ...finished evaluation!            
	=> Test loss: 0.0006            
	=> Test accuracy: 100.00%

[INFO](2022/12/01/ 02:09:58 PM) [Round: 0002] Aggregate updated weights of 10 clients...!
[INFO](2022/12/01/ 02:09:58 PM) [Round: 0002] ...updated weights of 10 clients are successfully averaged!
[INFO](2022/12/01/ 02:09:58 PM) [Round: 0002] Evaluate global model's performance...!                
	[Server] ...finished evaluation!                
	=> Loss: 2.1896                
	=> Accuracy: 27.68%

[INFO](2022/12/01/ 02:09:58 PM) [Round: 0003] Select clients...!
[INFO](2022/12/01/ 02:09:58 PM) [Round: 0003] ...successfully transmitted models to 10 selected clients!
[INFO](2022/12/01/ 02:09:58 PM) [Round: 0003] Start updating selected client 0009...!
[INFO](2022/12/01/ 02:09:58 PM) [Round: 0003] Start updating selected client 0013...!
[INFO](2022/12/01/ 02:09:58 PM) [Round: 0003] Start updating selected client 0014...!
[INFO](2022/12/01/ 02:09:58 PM) [Round: 0003] Start updating selected client 0054...!
[INFO](2022/12/01/ 02:09:58 PM) [Round: 0003] Start updating selected client 0038...!
[INFO](2022/12/01/ 02:09:58 PM) [Round: 0003] Start updating selected client 0033...!
[INFO](2022/12/01/ 02:09:58 PM) [Round: 0003] Start updating selected client 0066...!
[INFO](2022/12/01/ 02:09:58 PM) [Round: 0003] Start updating selected client 0078...!
[INFO](2022/12/01/ 02:09:58 PM) [Round: 0003] Start updating selected client 0073...!
[INFO](2022/12/01/ 02:09:58 PM) [Round: 0003] Start updating selected client 0092...!
[INFO](2022/12/01/ 02:10:02 PM) [Round: 0003] ...client 0013 is selected and updated (with total sample size: 600)!
[INFO](2022/12/01/ 02:10:02 PM) [Round: 0003] ...client 0078 is selected and updated (with total sample size: 600)!
[INFO](2022/12/01/ 02:10:02 PM) [Round: 0003] ...client 0092 is selected and updated (with total sample size: 600)!
[INFO](2022/12/01/ 02:10:02 PM) [Round: 0003] ...client 0014 is selected and updated (with total sample size: 600)!
[INFO](2022/12/01/ 02:10:02 PM) [Round: 0003] ...client 0038 is selected and updated (with total sample size: 600)!
[INFO](2022/12/01/ 02:10:02 PM) [Round: 0003] ...client 0009 is selected and updated (with total sample size: 600)!
[INFO](2022/12/01/ 02:10:02 PM) [Round: 0003] ...client 0033 is selected and updated (with total sample size: 600)!
[INFO](2022/12/01/ 02:10:03 PM) [Round: 0003] ...client 0054 is selected and updated (with total sample size: 600)!
[INFO](2022/12/01/ 02:10:03 PM) [Round: 0003] ...client 0066 is selected and updated (with total sample size: 600)!
[INFO](2022/12/01/ 02:10:03 PM) [Round: 0003] ...client 0073 is selected and updated (with total sample size: 600)!
[INFO](2022/12/01/ 02:10:03 PM) [Round: 0003] Evaluate selected 10 clients' models...!
[INFO](2022/12/01/ 02:10:03 PM) 	[Client 0066] ...finished evaluation!            
	=> Test loss: 0.0006            
	=> Test accuracy: 100.00%

[INFO](2022/12/01/ 02:10:03 PM) 	[Client 0054] ...finished evaluation!            
	=> Test loss: 0.0002            
	=> Test accuracy: 100.00%

[INFO](2022/12/01/ 02:10:03 PM) 	[Client 0033] ...finished evaluation!            
	=> Test loss: 0.0000            
	=> Test accuracy: 100.00%

[INFO](2022/12/01/ 02:10:03 PM) 	[Client 0009] ...finished evaluation!            
	=> Test loss: 0.0007            
	=> Test accuracy: 100.00%

[INFO](2022/12/01/ 02:10:03 PM) 	[Client 0013] ...finished evaluation!            
	=> Test loss: 0.0000            
	=> Test accuracy: 100.00%

[INFO](2022/12/01/ 02:10:03 PM) 	[Client 0078] ...finished evaluation!            
	=> Test loss: 0.0000            
	=> Test accuracy: 100.00%

[INFO](2022/12/01/ 02:10:03 PM) 	[Client 0014] ...finished evaluation!            
	=> Test loss: 0.0005            
	=> Test accuracy: 100.00%

[INFO](2022/12/01/ 02:10:03 PM) 	[Client 0073] ...finished evaluation!            
	=> Test loss: 0.0000            
	=> Test accuracy: 100.00%

[INFO](2022/12/01/ 02:10:03 PM) 	[Client 0092] ...finished evaluation!            
	=> Test loss: 0.0003            
	=> Test accuracy: 100.00%

[INFO](2022/12/01/ 02:10:03 PM) 	[Client 0038] ...finished evaluation!            
	=> Test loss: 0.0001            
	=> Test accuracy: 100.00%

[INFO](2022/12/01/ 02:10:03 PM) [Round: 0003] Aggregate updated weights of 10 clients...!
[INFO](2022/12/01/ 02:10:03 PM) [Round: 0003] ...updated weights of 10 clients are successfully averaged!
[INFO](2022/12/01/ 02:10:04 PM) [Round: 0003] Evaluate global model's performance...!                
	[Server] ...finished evaluation!                
	=> Loss: 4.1053                
	=> Accuracy: 21.13%

[INFO](2022/12/01/ 02:10:04 PM) [Round: 0004] Select clients...!
[INFO](2022/12/01/ 02:10:04 PM) [Round: 0004] ...successfully transmitted models to 10 selected clients!
[INFO](2022/12/01/ 02:10:04 PM) [Round: 0004] Start updating selected client 0011...!
[INFO](2022/12/01/ 02:10:04 PM) [Round: 0004] Start updating selected client 0013...!
[INFO](2022/12/01/ 02:10:04 PM) [Round: 0004] Start updating selected client 0030...!
[INFO](2022/12/01/ 02:10:04 PM) [Round: 0004] Start updating selected client 0037...!
[INFO](2022/12/01/ 02:10:04 PM) [Round: 0004] Start updating selected client 0044...!
[INFO](2022/12/01/ 02:10:04 PM) [Round: 0004] Start updating selected client 0055...!
[INFO](2022/12/01/ 02:10:04 PM) [Round: 0004] Start updating selected client 0057...!
[INFO](2022/12/01/ 02:10:04 PM) [Round: 0004] Start updating selected client 0076...!
[INFO](2022/12/01/ 02:10:04 PM) [Round: 0004] Start updating selected client 0087...!
[INFO](2022/12/01/ 02:10:04 PM) [Round: 0004] Start updating selected client 0090...!
[INFO](2022/12/01/ 02:10:07 PM) [Round: 0004] ...client 0087 is selected and updated (with total sample size: 600)!
[INFO](2022/12/01/ 02:10:07 PM) [Round: 0004] ...client 0055 is selected and updated (with total sample size: 600)!
[INFO](2022/12/01/ 02:10:07 PM) [Round: 0004] ...client 0076 is selected and updated (with total sample size: 600)!
[INFO](2022/12/01/ 02:10:08 PM) [Round: 0004] ...client 0013 is selected and updated (with total sample size: 600)!
[INFO](2022/12/01/ 02:10:08 PM) [Round: 0004] ...client 0057 is selected and updated (with total sample size: 600)!
[INFO](2022/12/01/ 02:10:08 PM) [Round: 0004] ...client 0090 is selected and updated (with total sample size: 600)!
[INFO](2022/12/01/ 02:10:08 PM) [Round: 0004] ...client 0037 is selected and updated (with total sample size: 600)!
[INFO](2022/12/01/ 02:10:08 PM) [Round: 0004] ...client 0030 is selected and updated (with total sample size: 600)!
[INFO](2022/12/01/ 02:10:08 PM) [Round: 0004] ...client 0044 is selected and updated (with total sample size: 600)!
[INFO](2022/12/01/ 02:10:08 PM) [Round: 0004] ...client 0011 is selected and updated (with total sample size: 600)!
[INFO](2022/12/01/ 02:10:08 PM) [Round: 0004] Evaluate selected 10 clients' models...!
[INFO](2022/12/01/ 02:10:09 PM) 	[Client 0037] ...finished evaluation!            
	=> Test loss: 0.0002            
	=> Test accuracy: 100.00%

[INFO](2022/12/01/ 02:10:09 PM) 	[Client 0057] ...finished evaluation!            
	=> Test loss: 0.0003            
	=> Test accuracy: 100.00%

[INFO](2022/12/01/ 02:10:09 PM) 	[Client 0090] ...finished evaluation!            
	=> Test loss: 0.0001            
	=> Test accuracy: 100.00%

[INFO](2022/12/01/ 02:10:09 PM) 	[Client 0076] ...finished evaluation!            
	=> Test loss: 0.0004            
	=> Test accuracy: 100.00%

[INFO](2022/12/01/ 02:10:09 PM) 	[Client 0030] ...finished evaluation!            
	=> Test loss: 0.0000            
	=> Test accuracy: 100.00%

[INFO](2022/12/01/ 02:10:09 PM) 	[Client 0044] ...finished evaluation!            
	=> Test loss: 0.0011            
	=> Test accuracy: 100.00%

[INFO](2022/12/01/ 02:10:09 PM) 	[Client 0011] ...finished evaluation!            
	=> Test loss: 0.0003            
	=> Test accuracy: 100.00%

[INFO](2022/12/01/ 02:10:09 PM) 	[Client 0013] ...finished evaluation!            
	=> Test loss: 0.0001            
	=> Test accuracy: 100.00%

[INFO](2022/12/01/ 02:10:09 PM) 	[Client 0055] ...finished evaluation!            
	=> Test loss: 0.0001            
	=> Test accuracy: 100.00%

[INFO](2022/12/01/ 02:10:09 PM) 	[Client 0087] ...finished evaluation!            
	=> Test loss: 0.0003            
	=> Test accuracy: 100.00%

[INFO](2022/12/01/ 02:10:09 PM) [Round: 0004] Aggregate updated weights of 10 clients...!
[INFO](2022/12/01/ 02:10:09 PM) [Round: 0004] ...updated weights of 10 clients are successfully averaged!
[INFO](2022/12/01/ 02:10:09 PM) [Round: 0004] Evaluate global model's performance...!                
	[Server] ...finished evaluation!                
	=> Loss: 1.4520                
	=> Accuracy: 46.07%

[INFO](2022/12/01/ 02:10:09 PM) [Round: 0005] Select clients...!
[INFO](2022/12/01/ 02:10:09 PM) [Round: 0005] ...successfully transmitted models to 10 selected clients!
[INFO](2022/12/01/ 02:10:10 PM) [Round: 0005] Start updating selected client 0001...!
[INFO](2022/12/01/ 02:10:10 PM) [Round: 0005] Start updating selected client 0007...!
[INFO](2022/12/01/ 02:10:10 PM) [Round: 0005] Start updating selected client 0017...!
[INFO](2022/12/01/ 02:10:10 PM) [Round: 0005] Start updating selected client 0025...!
[INFO](2022/12/01/ 02:10:10 PM) [Round: 0005] Start updating selected client 0029...!
[INFO](2022/12/01/ 02:10:10 PM) [Round: 0005] Start updating selected client 0044...!
[INFO](2022/12/01/ 02:10:10 PM) [Round: 0005] Start updating selected client 0070...!
[INFO](2022/12/01/ 02:10:10 PM) [Round: 0005] Start updating selected client 0046...!
[INFO](2022/12/01/ 02:10:10 PM) [Round: 0005] Start updating selected client 0085...!
[INFO](2022/12/01/ 02:10:10 PM) [Round: 0005] Start updating selected client 0083...!
[INFO](2022/12/01/ 02:10:13 PM) [Round: 0005] ...client 0085 is selected and updated (with total sample size: 600)!
[INFO](2022/12/01/ 02:10:13 PM) [Round: 0005] ...client 0046 is selected and updated (with total sample size: 600)!
[INFO](2022/12/01/ 02:10:13 PM) [Round: 0005] ...client 0025 is selected and updated (with total sample size: 600)!
[INFO](2022/12/01/ 02:10:13 PM) [Round: 0005] ...client 0083 is selected and updated (with total sample size: 600)!
[INFO](2022/12/01/ 02:10:14 PM) [Round: 0005] ...client 0017 is selected and updated (with total sample size: 600)!
[INFO](2022/12/01/ 02:10:14 PM) [Round: 0005] ...client 0007 is selected and updated (with total sample size: 600)!
[INFO](2022/12/01/ 02:10:14 PM) [Round: 0005] ...client 0070 is selected and updated (with total sample size: 600)!
[INFO](2022/12/01/ 02:10:14 PM) [Round: 0005] ...client 0044 is selected and updated (with total sample size: 600)!
[INFO](2022/12/01/ 02:10:14 PM) [Round: 0005] ...client 0001 is selected and updated (with total sample size: 600)!
[INFO](2022/12/01/ 02:10:14 PM) [Round: 0005] ...client 0029 is selected and updated (with total sample size: 600)!
[INFO](2022/12/01/ 02:10:14 PM) [Round: 0005] Evaluate selected 10 clients' models...!
[INFO](2022/12/01/ 02:10:14 PM) 	[Client 0007] ...finished evaluation!            
	=> Test loss: 0.0004            
	=> Test accuracy: 100.00%

[INFO](2022/12/01/ 02:10:14 PM) 	[Client 0025] ...finished evaluation!            
	=> Test loss: 0.0000            
	=> Test accuracy: 100.00%

[INFO](2022/12/01/ 02:10:14 PM) 	[Client 0001] ...finished evaluation!            
	=> Test loss: 0.0003            
	=> Test accuracy: 100.00%

[INFO](2022/12/01/ 02:10:14 PM) 	[Client 0029] ...finished evaluation!            
	=> Test loss: 0.0004            
	=> Test accuracy: 100.00%

[INFO](2022/12/01/ 02:10:14 PM) 	[Client 0017] ...finished evaluation!            
	=> Test loss: 0.0002            
	=> Test accuracy: 100.00%

[INFO](2022/12/01/ 02:10:14 PM) 	[Client 0044] ...finished evaluation!            
	=> Test loss: 0.0007            
	=> Test accuracy: 100.00%

[INFO](2022/12/01/ 02:10:14 PM) 	[Client 0070] ...finished evaluation!            
	=> Test loss: 0.0001            
	=> Test accuracy: 100.00%

[INFO](2022/12/01/ 02:10:14 PM) 	[Client 0085] ...finished evaluation!            
	=> Test loss: 0.0001            
	=> Test accuracy: 100.00%

[INFO](2022/12/01/ 02:10:14 PM) 	[Client 0083] ...finished evaluation!            
	=> Test loss: 0.0000            
	=> Test accuracy: 100.00%

[INFO](2022/12/01/ 02:10:15 PM) 	[Client 0046] ...finished evaluation!            
	=> Test loss: 0.0002            
	=> Test accuracy: 100.00%

[INFO](2022/12/01/ 02:10:15 PM) [Round: 0005] Aggregate updated weights of 10 clients...!
[INFO](2022/12/01/ 02:10:15 PM) [Round: 0005] ...updated weights of 10 clients are successfully averaged!
[INFO](2022/12/01/ 02:10:15 PM) [Round: 0005] Evaluate global model's performance...!                
	[Server] ...finished evaluation!                
	=> Loss: 1.0566                
	=> Accuracy: 62.54%

[INFO](2022/12/01/ 02:10:15 PM) [Round: 0006] Select clients...!
[INFO](2022/12/01/ 02:10:15 PM) [Round: 0006] ...successfully transmitted models to 10 selected clients!
[INFO](2022/12/01/ 02:10:15 PM) [Round: 0006] Start updating selected client 0001...!
[INFO](2022/12/01/ 02:10:15 PM) [Round: 0006] Start updating selected client 0014...!
[INFO](2022/12/01/ 02:10:15 PM) [Round: 0006] Start updating selected client 0022...!
[INFO](2022/12/01/ 02:10:15 PM) [Round: 0006] Start updating selected client 0042...!
[INFO](2022/12/01/ 02:10:15 PM) [Round: 0006] Start updating selected client 0044...!
[INFO](2022/12/01/ 02:10:15 PM) [Round: 0006] Start updating selected client 0049...!
[INFO](2022/12/01/ 02:10:15 PM) [Round: 0006] Start updating selected client 0050...!
[INFO](2022/12/01/ 02:10:15 PM) [Round: 0006] Start updating selected client 0052...!
[INFO](2022/12/01/ 02:10:15 PM) [Round: 0006] Start updating selected client 0059...!
[INFO](2022/12/01/ 02:10:15 PM) [Round: 0006] Start updating selected client 0084...!
[INFO](2022/12/01/ 02:10:18 PM) [Round: 0006] ...client 0059 is selected and updated (with total sample size: 600)!
[INFO](2022/12/01/ 02:10:18 PM) [Round: 0006] ...client 0052 is selected and updated (with total sample size: 600)!
[INFO](2022/12/01/ 02:10:19 PM) [Round: 0006] ...client 0001 is selected and updated (with total sample size: 600)!
[INFO](2022/12/01/ 02:10:19 PM) [Round: 0006] ...client 0014 is selected and updated (with total sample size: 600)!
[INFO](2022/12/01/ 02:10:19 PM) [Round: 0006] ...client 0084 is selected and updated (with total sample size: 600)!
[INFO](2022/12/01/ 02:10:19 PM) [Round: 0006] ...client 0044 is selected and updated (with total sample size: 600)!
[INFO](2022/12/01/ 02:10:19 PM) [Round: 0006] ...client 0050 is selected and updated (with total sample size: 600)!
[INFO](2022/12/01/ 02:10:19 PM) [Round: 0006] ...client 0022 is selected and updated (with total sample size: 600)!
[INFO](2022/12/01/ 02:10:19 PM) [Round: 0006] ...client 0042 is selected and updated (with total sample size: 600)!
[INFO](2022/12/01/ 02:10:20 PM) [Round: 0006] ...client 0049 is selected and updated (with total sample size: 600)!
[INFO](2022/12/01/ 02:10:20 PM) [Round: 0006] Evaluate selected 10 clients' models...!
[INFO](2022/12/01/ 02:10:20 PM) 	[Client 0059] ...finished evaluation!            
	=> Test loss: 0.0003            
	=> Test accuracy: 100.00%

[INFO](2022/12/01/ 02:10:20 PM) 	[Client 0014] ...finished evaluation!            
	=> Test loss: 0.0004            
	=> Test accuracy: 100.00%

[INFO](2022/12/01/ 02:10:20 PM) 	[Client 0022] ...finished evaluation!            
	=> Test loss: 0.0001            
	=> Test accuracy: 100.00%

[INFO](2022/12/01/ 02:10:20 PM) 	[Client 0052] ...finished evaluation!            
	=> Test loss: 0.0001            
	=> Test accuracy: 100.00%

[INFO](2022/12/01/ 02:10:20 PM) 	[Client 0001] ...finished evaluation!            
	=> Test loss: 0.0002            
	=> Test accuracy: 100.00%

[INFO](2022/12/01/ 02:10:20 PM) 	[Client 0084] ...finished evaluation!            
	=> Test loss: 0.0004            
	=> Test accuracy: 100.00%

[INFO](2022/12/01/ 02:10:20 PM) 	[Client 0050] ...finished evaluation!            
	=> Test loss: 0.0000            
	=> Test accuracy: 100.00%

[INFO](2022/12/01/ 02:10:20 PM) 	[Client 0044] ...finished evaluation!            
	=> Test loss: 0.0006            
	=> Test accuracy: 100.00%

[INFO](2022/12/01/ 02:10:20 PM) 	[Client 0042] ...finished evaluation!            
	=> Test loss: 0.0001            
	=> Test accuracy: 100.00%

[INFO](2022/12/01/ 02:10:20 PM) 	[Client 0049] ...finished evaluation!            
	=> Test loss: 0.0003            
	=> Test accuracy: 100.00%

[INFO](2022/12/01/ 02:10:20 PM) [Round: 0006] Aggregate updated weights of 10 clients...!
[INFO](2022/12/01/ 02:10:20 PM) [Round: 0006] ...updated weights of 10 clients are successfully averaged!
[INFO](2022/12/01/ 02:10:21 PM) [Round: 0006] Evaluate global model's performance...!                
	[Server] ...finished evaluation!                
	=> Loss: 1.4267                
	=> Accuracy: 52.00%

[INFO](2022/12/01/ 02:10:21 PM) [Round: 0007] Select clients...!
[INFO](2022/12/01/ 02:10:21 PM) [Round: 0007] ...successfully transmitted models to 10 selected clients!
[INFO](2022/12/01/ 02:10:21 PM) [Round: 0007] Start updating selected client 0006...!
[INFO](2022/12/01/ 02:10:21 PM) [Round: 0007] Start updating selected client 0025...!
[INFO](2022/12/01/ 02:10:21 PM) [Round: 0007] Start updating selected client 0027...!
[INFO](2022/12/01/ 02:10:21 PM) [Round: 0007] Start updating selected client 0028...!
[INFO](2022/12/01/ 02:10:21 PM) [Round: 0007] Start updating selected client 0029...!
[INFO](2022/12/01/ 02:10:21 PM) [Round: 0007] Start updating selected client 0038...!
[INFO](2022/12/01/ 02:10:21 PM) [Round: 0007] Start updating selected client 0055...!
[INFO](2022/12/01/ 02:10:21 PM) [Round: 0007] Start updating selected client 0089...!
[INFO](2022/12/01/ 02:10:21 PM) [Round: 0007] Start updating selected client 0085...!
[INFO](2022/12/01/ 02:10:21 PM) [Round: 0007] Start updating selected client 0090...!
[INFO](2022/12/01/ 02:10:24 PM) [Round: 0007] ...client 0027 is selected and updated (with total sample size: 600)!
[INFO](2022/12/01/ 02:10:24 PM) [Round: 0007] ...client 0055 is selected and updated (with total sample size: 600)!
[INFO](2022/12/01/ 02:10:24 PM) [Round: 0007] ...client 0085 is selected and updated (with total sample size: 600)!
[INFO](2022/12/01/ 02:10:25 PM) [Round: 0007] ...client 0089 is selected and updated (with total sample size: 600)!
[INFO](2022/12/01/ 02:10:25 PM) [Round: 0007] ...client 0028 is selected and updated (with total sample size: 600)!
[INFO](2022/12/01/ 02:10:25 PM) [Round: 0007] ...client 0006 is selected and updated (with total sample size: 600)!
[INFO](2022/12/01/ 02:10:25 PM) [Round: 0007] ...client 0038 is selected and updated (with total sample size: 600)!
[INFO](2022/12/01/ 02:10:25 PM) [Round: 0007] ...client 0029 is selected and updated (with total sample size: 600)!
[INFO](2022/12/01/ 02:10:25 PM) [Round: 0007] ...client 0025 is selected and updated (with total sample size: 600)!
[INFO](2022/12/01/ 02:10:25 PM) [Round: 0007] ...client 0090 is selected and updated (with total sample size: 600)!
[INFO](2022/12/01/ 02:10:25 PM) [Round: 0007] Evaluate selected 10 clients' models...!
[INFO](2022/12/01/ 02:10:26 PM) 	[Client 0055] ...finished evaluation!            
	=> Test loss: 0.0001            
	=> Test accuracy: 100.00%

[INFO](2022/12/01/ 02:10:26 PM) 	[Client 0025] ...finished evaluation!            
	=> Test loss: 0.0000            
	=> Test accuracy: 100.00%

[INFO](2022/12/01/ 02:10:26 PM) 	[Client 0090] ...finished evaluation!            
	=> Test loss: 0.0000            
	=> Test accuracy: 100.00%

[INFO](2022/12/01/ 02:10:26 PM) 	[Client 0028] ...finished evaluation!            
	=> Test loss: 0.0000            
	=> Test accuracy: 100.00%

[INFO](2022/12/01/ 02:10:26 PM) 	[Client 0006] ...finished evaluation!            
	=> Test loss: 0.0003            
	=> Test accuracy: 100.00%

[INFO](2022/12/01/ 02:10:26 PM) 	[Client 0038] ...finished evaluation!            
	=> Test loss: 0.0000            
	=> Test accuracy: 100.00%

[INFO](2022/12/01/ 02:10:26 PM) 	[Client 0027] ...finished evaluation!            
	=> Test loss: 0.0001            
	=> Test accuracy: 100.00%

[INFO](2022/12/01/ 02:10:26 PM) 	[Client 0029] ...finished evaluation!            
	=> Test loss: 0.0002            
	=> Test accuracy: 100.00%

[INFO](2022/12/01/ 02:10:26 PM) 	[Client 0085] ...finished evaluation!            
	=> Test loss: 0.0001            
	=> Test accuracy: 100.00%

[INFO](2022/12/01/ 02:10:26 PM) 	[Client 0089] ...finished evaluation!            
	=> Test loss: 0.0002            
	=> Test accuracy: 100.00%

[INFO](2022/12/01/ 02:10:26 PM) [Round: 0007] Aggregate updated weights of 10 clients...!
[INFO](2022/12/01/ 02:10:26 PM) [Round: 0007] ...updated weights of 10 clients are successfully averaged!
[INFO](2022/12/01/ 02:10:26 PM) [Round: 0007] Evaluate global model's performance...!                
	[Server] ...finished evaluation!                
	=> Loss: 1.4874                
	=> Accuracy: 52.31%

[INFO](2022/12/01/ 02:10:26 PM) [Round: 0008] Select clients...!
[INFO](2022/12/01/ 02:10:26 PM) [Round: 0008] ...successfully transmitted models to 10 selected clients!
[INFO](2022/12/01/ 02:10:26 PM) [Round: 0008] Start updating selected client 0010...!
[INFO](2022/12/01/ 02:10:26 PM) [Round: 0008] Start updating selected client 0013...!
[INFO](2022/12/01/ 02:10:26 PM) [Round: 0008] Start updating selected client 0023...!
[INFO](2022/12/01/ 02:10:26 PM) [Round: 0008] Start updating selected client 0030...!
[INFO](2022/12/01/ 02:10:26 PM) [Round: 0008] Start updating selected client 0028...!
[INFO](2022/12/01/ 02:10:26 PM) [Round: 0008] Start updating selected client 0024...!
[INFO](2022/12/01/ 02:10:26 PM) [Round: 0008] Start updating selected client 0080...!
[INFO](2022/12/01/ 02:10:26 PM) [Round: 0008] Start updating selected client 0091...!
[INFO](2022/12/01/ 02:10:26 PM) [Round: 0008] Start updating selected client 0055...!
[INFO](2022/12/01/ 02:10:26 PM) [Round: 0008] Start updating selected client 0082...!
[INFO](2022/12/01/ 02:10:30 PM) [Round: 0008] ...client 0013 is selected and updated (with total sample size: 600)!
[INFO](2022/12/01/ 02:10:30 PM) [Round: 0008] ...client 0010 is selected and updated (with total sample size: 600)!
[INFO](2022/12/01/ 02:10:30 PM) [Round: 0008] ...client 0023 is selected and updated (with total sample size: 600)!
[INFO](2022/12/01/ 02:10:30 PM) [Round: 0008] ...client 0030 is selected and updated (with total sample size: 600)!
[INFO](2022/12/01/ 02:10:30 PM) [Round: 0008] ...client 0024 is selected and updated (with total sample size: 600)!
[INFO](2022/12/01/ 02:10:31 PM) [Round: 0008] ...client 0082 is selected and updated (with total sample size: 600)!
[INFO](2022/12/01/ 02:10:31 PM) [Round: 0008] ...client 0080 is selected and updated (with total sample size: 600)!
[INFO](2022/12/01/ 02:10:31 PM) [Round: 0008] ...client 0028 is selected and updated (with total sample size: 600)!
[INFO](2022/12/01/ 02:10:31 PM) [Round: 0008] ...client 0055 is selected and updated (with total sample size: 600)!
[INFO](2022/12/01/ 02:10:31 PM) [Round: 0008] ...client 0091 is selected and updated (with total sample size: 600)!
[INFO](2022/12/01/ 02:10:31 PM) [Round: 0008] Evaluate selected 10 clients' models...!
[INFO](2022/12/01/ 02:10:31 PM) 	[Client 0030] ...finished evaluation!            
	=> Test loss: 0.0001            
	=> Test accuracy: 100.00%

[INFO](2022/12/01/ 02:10:31 PM) 	[Client 0080] ...finished evaluation!            
	=> Test loss: 0.0001            
	=> Test accuracy: 100.00%

[INFO](2022/12/01/ 02:10:31 PM) 	[Client 0028] ...finished evaluation!            
	=> Test loss: 0.0001            
	=> Test accuracy: 100.00%

[INFO](2022/12/01/ 02:10:31 PM) 	[Client 0024] ...finished evaluation!            
	=> Test loss: 0.0002            
	=> Test accuracy: 100.00%

[INFO](2022/12/01/ 02:10:31 PM) 	[Client 0023] ...finished evaluation!            
	=> Test loss: 0.0001            
	=> Test accuracy: 100.00%

[INFO](2022/12/01/ 02:10:31 PM) 	[Client 0082] ...finished evaluation!            
	=> Test loss: 0.0001            
	=> Test accuracy: 100.00%

[INFO](2022/12/01/ 02:10:31 PM) 	[Client 0013] ...finished evaluation!            
	=> Test loss: 0.0001            
	=> Test accuracy: 100.00%

[INFO](2022/12/01/ 02:10:31 PM) 	[Client 0010] ...finished evaluation!            
	=> Test loss: 0.0002            
	=> Test accuracy: 100.00%

[INFO](2022/12/01/ 02:10:31 PM) 	[Client 0091] ...finished evaluation!            
	=> Test loss: 0.0003            
	=> Test accuracy: 100.00%

[INFO](2022/12/01/ 02:10:31 PM) 	[Client 0055] ...finished evaluation!            
	=> Test loss: 0.0001            
	=> Test accuracy: 100.00%

[INFO](2022/12/01/ 02:10:31 PM) [Round: 0008] Aggregate updated weights of 10 clients...!
[INFO](2022/12/01/ 02:10:31 PM) [Round: 0008] ...updated weights of 10 clients are successfully averaged!
[INFO](2022/12/01/ 02:10:32 PM) [Round: 0008] Evaluate global model's performance...!                
	[Server] ...finished evaluation!                
	=> Loss: 0.4724                
	=> Accuracy: 83.71%

[INFO](2022/12/01/ 02:10:32 PM) [Round: 0009] Select clients...!
[INFO](2022/12/01/ 02:10:32 PM) [Round: 0009] ...successfully transmitted models to 10 selected clients!
[INFO](2022/12/01/ 02:10:32 PM) [Round: 0009] Start updating selected client 0004...!
[INFO](2022/12/01/ 02:10:32 PM) [Round: 0009] Start updating selected client 0011...!
[INFO](2022/12/01/ 02:10:32 PM) [Round: 0009] Start updating selected client 0021...!
[INFO](2022/12/01/ 02:10:32 PM) [Round: 0009] Start updating selected client 0030...!
[INFO](2022/12/01/ 02:10:32 PM) [Round: 0009] Start updating selected client 0037...!
[INFO](2022/12/01/ 02:10:32 PM) [Round: 0009] Start updating selected client 0048...!
[INFO](2022/12/01/ 02:10:32 PM) [Round: 0009] Start updating selected client 0054...!
[INFO](2022/12/01/ 02:10:32 PM) [Round: 0009] Start updating selected client 0059...!
[INFO](2022/12/01/ 02:10:32 PM) [Round: 0009] Start updating selected client 0071...!
[INFO](2022/12/01/ 02:10:32 PM) [Round: 0009] Start updating selected client 0087...!
[INFO](2022/12/01/ 02:10:35 PM) [Round: 0009] ...client 0011 is selected and updated (with total sample size: 600)!
[INFO](2022/12/01/ 02:10:35 PM) [Round: 0009] ...client 0021 is selected and updated (with total sample size: 600)!
[INFO](2022/12/01/ 02:10:36 PM) [Round: 0009] ...client 0048 is selected and updated (with total sample size: 600)!
[INFO](2022/12/01/ 02:10:36 PM) [Round: 0009] ...client 0030 is selected and updated (with total sample size: 600)!
[INFO](2022/12/01/ 02:10:36 PM) [Round: 0009] ...client 0059 is selected and updated (with total sample size: 600)!
[INFO](2022/12/01/ 02:10:36 PM) [Round: 0009] ...client 0004 is selected and updated (with total sample size: 600)!
[INFO](2022/12/01/ 02:10:36 PM) [Round: 0009] ...client 0054 is selected and updated (with total sample size: 600)!
[INFO](2022/12/01/ 02:10:36 PM) [Round: 0009] ...client 0071 is selected and updated (with total sample size: 600)!
[INFO](2022/12/01/ 02:10:36 PM) [Round: 0009] ...client 0087 is selected and updated (with total sample size: 600)!
[INFO](2022/12/01/ 02:10:36 PM) [Round: 0009] ...client 0037 is selected and updated (with total sample size: 600)!
[INFO](2022/12/01/ 02:10:36 PM) [Round: 0009] Evaluate selected 10 clients' models...!
[INFO](2022/12/01/ 02:10:37 PM) 	[Client 0071] ...finished evaluation!            
	=> Test loss: 0.0003            
	=> Test accuracy: 100.00%

[INFO](2022/12/01/ 02:10:37 PM) 	[Client 0037] ...finished evaluation!            
	=> Test loss: 0.0001            
	=> Test accuracy: 100.00%

[INFO](2022/12/01/ 02:10:37 PM) 	[Client 0054] ...finished evaluation!            
	=> Test loss: 0.0001            
	=> Test accuracy: 100.00%

[INFO](2022/12/01/ 02:10:37 PM) 	[Client 0021] ...finished evaluation!            
	=> Test loss: 0.0002            
	=> Test accuracy: 100.00%

[INFO](2022/12/01/ 02:10:37 PM) 	[Client 0087] ...finished evaluation!            
	=> Test loss: 0.0001            
	=> Test accuracy: 100.00%

[INFO](2022/12/01/ 02:10:37 PM) 	[Client 0004] ...finished evaluation!            
	=> Test loss: 0.0006            
	=> Test accuracy: 100.00%

[INFO](2022/12/01/ 02:10:37 PM) 	[Client 0048] ...finished evaluation!            
	=> Test loss: 0.0001            
	=> Test accuracy: 100.00%

[INFO](2022/12/01/ 02:10:37 PM) 	[Client 0030] ...finished evaluation!            
	=> Test loss: 0.0000            
	=> Test accuracy: 100.00%

[INFO](2022/12/01/ 02:10:37 PM) 	[Client 0059] ...finished evaluation!            
	=> Test loss: 0.0002            
	=> Test accuracy: 100.00%

[INFO](2022/12/01/ 02:10:37 PM) 	[Client 0011] ...finished evaluation!            
	=> Test loss: 0.0002            
	=> Test accuracy: 100.00%

[INFO](2022/12/01/ 02:10:37 PM) [Round: 0009] Aggregate updated weights of 10 clients...!
[INFO](2022/12/01/ 02:10:37 PM) [Round: 0009] ...updated weights of 10 clients are successfully averaged!
[INFO](2022/12/01/ 02:10:38 PM) [Round: 0009] Evaluate global model's performance...!                
	[Server] ...finished evaluation!                
	=> Loss: 0.2696                
	=> Accuracy: 90.95%

[INFO](2022/12/01/ 02:10:38 PM) [Round: 0010] Select clients...!
[INFO](2022/12/01/ 02:10:38 PM) [Round: 0010] ...successfully transmitted models to 10 selected clients!
[INFO](2022/12/01/ 02:10:38 PM) [Round: 0010] Start updating selected client 0005...!
[INFO](2022/12/01/ 02:10:38 PM) [Round: 0010] Start updating selected client 0002...!
[INFO](2022/12/01/ 02:10:38 PM) [Round: 0010] Start updating selected client 0022...!
[INFO](2022/12/01/ 02:10:38 PM) [Round: 0010] Start updating selected client 0027...!
[INFO](2022/12/01/ 02:10:38 PM) [Round: 0010] Start updating selected client 0057...!
[INFO](2022/12/01/ 02:10:38 PM) [Round: 0010] Start updating selected client 0074...!
[INFO](2022/12/01/ 02:10:38 PM) [Round: 0010] Start updating selected client 0085...!
[INFO](2022/12/01/ 02:10:38 PM) [Round: 0010] Start updating selected client 0094...!
[INFO](2022/12/01/ 02:10:38 PM) [Round: 0010] Start updating selected client 0052...!
[INFO](2022/12/01/ 02:10:38 PM) [Round: 0010] Start updating selected client 0073...!
[INFO](2022/12/01/ 02:10:41 PM) [Round: 0010] ...client 0057 is selected and updated (with total sample size: 600)!
[INFO](2022/12/01/ 02:10:41 PM) [Round: 0010] ...client 0005 is selected and updated (with total sample size: 600)!
[INFO](2022/12/01/ 02:10:41 PM) [Round: 0010] ...client 0052 is selected and updated (with total sample size: 600)!
[INFO](2022/12/01/ 02:10:41 PM) [Round: 0010] ...client 0027 is selected and updated (with total sample size: 600)!
[INFO](2022/12/01/ 02:10:42 PM) [Round: 0010] ...client 0094 is selected and updated (with total sample size: 600)!
[INFO](2022/12/01/ 02:10:42 PM) [Round: 0010] ...client 0074 is selected and updated (with total sample size: 600)!
[INFO](2022/12/01/ 02:10:42 PM) [Round: 0010] ...client 0085 is selected and updated (with total sample size: 600)!
[INFO](2022/12/01/ 02:10:42 PM) [Round: 0010] ...client 0022 is selected and updated (with total sample size: 600)!
[INFO](2022/12/01/ 02:10:42 PM) [Round: 0010] ...client 0073 is selected and updated (with total sample size: 600)!
[INFO](2022/12/01/ 02:10:42 PM) [Round: 0010] ...client 0002 is selected and updated (with total sample size: 600)!
[INFO](2022/12/01/ 02:10:42 PM) [Round: 0010] Evaluate selected 10 clients' models...!
[INFO](2022/12/01/ 02:10:42 PM) 	[Client 0073] ...finished evaluation!            
	=> Test loss: 0.0000            
	=> Test accuracy: 100.00%

[INFO](2022/12/01/ 02:10:42 PM) 	[Client 0052] ...finished evaluation!            
	=> Test loss: 0.0001            
	=> Test accuracy: 100.00%

[INFO](2022/12/01/ 02:10:42 PM) 	[Client 0002] ...finished evaluation!            
	=> Test loss: 0.0002            
	=> Test accuracy: 100.00%

[INFO](2022/12/01/ 02:10:42 PM) 	[Client 0074] ...finished evaluation!            
	=> Test loss: 0.0003            
	=> Test accuracy: 100.00%

[INFO](2022/12/01/ 02:10:42 PM) 	[Client 0085] ...finished evaluation!            
	=> Test loss: 0.0001            
	=> Test accuracy: 100.00%

[INFO](2022/12/01/ 02:10:42 PM) 	[Client 0005] ...finished evaluation!            
	=> Test loss: 0.0000            
	=> Test accuracy: 100.00%

[INFO](2022/12/01/ 02:10:43 PM) 	[Client 0057] ...finished evaluation!            
	=> Test loss: 0.0001            
	=> Test accuracy: 100.00%

[INFO](2022/12/01/ 02:10:43 PM) 	[Client 0022] ...finished evaluation!            
	=> Test loss: 0.0000            
	=> Test accuracy: 100.00%

[INFO](2022/12/01/ 02:10:43 PM) 	[Client 0027] ...finished evaluation!            
	=> Test loss: 0.0001            
	=> Test accuracy: 100.00%

[INFO](2022/12/01/ 02:10:43 PM) 	[Client 0094] ...finished evaluation!            
	=> Test loss: 0.0002            
	=> Test accuracy: 100.00%

[INFO](2022/12/01/ 02:10:43 PM) [Round: 0010] Aggregate updated weights of 10 clients...!
[INFO](2022/12/01/ 02:10:43 PM) [Round: 0010] ...updated weights of 10 clients are successfully averaged!
[INFO](2022/12/01/ 02:10:43 PM) [Round: 0010] Evaluate global model's performance...!                
	[Server] ...finished evaluation!                
	=> Loss: 1.0485                
	=> Accuracy: 70.74%

[INFO](2022/12/01/ 02:10:43 PM) [Round: 0010] ...successfully transmitted models to all 100 clients!
[INFO](2022/12/01/ 02:10:43 PM) ...done all learning process!
...exit program!
