[INFO](2022/12/01/ 02:14:21 PM) 
[WELCOME] Unfolding configurations...!
[INFO](2022/12/01/ 02:14:21 PM) {'global_config': {'seed': 5959, 'device': 'cuda', 'is_mp': True}}
[INFO](2022/12/01/ 02:14:21 PM) {'data_config': {'data_path': './data/', 'dataset_name': 'MNIST', 'num_shards': 200, 'iid': False}}
[INFO](2022/12/01/ 02:14:21 PM) {'fed_config': {'C': 0.1, 'K': 100, 'R': 10, 'E': 10, 'B': 10, 'criterion': 'torch.nn.CrossEntropyLoss', 'optimizer': 'torch.optim.SGD'}}
[INFO](2022/12/01/ 02:14:21 PM) {'optim_config': {'lr': 0.01, 'momentum': 0.9}}
[INFO](2022/12/01/ 02:14:21 PM) {'init_config': {'init_type': 'xavier', 'init_gain': 1.0, 'gpu_ids': [0]}}
[INFO](2022/12/01/ 02:14:21 PM) {'model_config': {'name': 'CNN', 'in_channels': 1, 'hidden_channels': 32, 'num_hiddens': 512, 'num_classes': 10}}
[INFO](2022/12/01/ 02:14:21 PM) {'log_config': {'log_path': './log/2022-12-01_14:14:18', 'log_name': 'FL.log', 'tb_port': 5252, 'tb_host': '140.116.82.209'}}
[INFO](2022/12/01/ 02:14:21 PM) [Round: 0000] ...successfully initialized model (# parameters: 1662752)!
[INFO](2022/12/01/ 02:14:22 PM) [Round: 0000] ...successfully created all 100 clients!
[INFO](2022/12/01/ 02:14:22 PM) [Round: 0000] ...successfully finished setup of all 100 clients!
[INFO](2022/12/01/ 02:14:22 PM) [Round: 0000] ...successfully transmitted models to all 100 clients!
[INFO](2022/12/01/ 02:14:22 PM) [Round: 0001] Select clients...!
[INFO](2022/12/01/ 02:14:22 PM) [Round: 0001] ...successfully transmitted models to 10 selected clients!
[INFO](2022/12/01/ 02:14:22 PM) [Round: 0001] Start updating selected client 0001...!
[INFO](2022/12/01/ 02:14:22 PM) [Round: 0001] Start updating selected client 0015...!
[INFO](2022/12/01/ 02:14:22 PM) [Round: 0001] Start updating selected client 0028...!
[INFO](2022/12/01/ 02:14:22 PM) [Round: 0001] Start updating selected client 0037...!
[INFO](2022/12/01/ 02:14:22 PM) [Round: 0001] Start updating selected client 0054...!
[INFO](2022/12/01/ 02:14:22 PM) [Round: 0001] Start updating selected client 0059...!
[INFO](2022/12/01/ 02:14:22 PM) [Round: 0001] Start updating selected client 0063...!
[INFO](2022/12/01/ 02:14:22 PM) [Round: 0001] Start updating selected client 0076...!
[INFO](2022/12/01/ 02:14:22 PM) [Round: 0001] Start updating selected client 0086...!
[INFO](2022/12/01/ 02:14:22 PM) [Round: 0001] Start updating selected client 0077...!
[INFO](2022/12/01/ 02:14:26 PM) [Round: 0001] ...client 0001 is selected and updated (with total sample size: 600)!
[INFO](2022/12/01/ 02:14:26 PM) [Round: 0001] ...client 0077 is selected and updated (with total sample size: 600)!
[INFO](2022/12/01/ 02:14:27 PM) [Round: 0001] ...client 0054 is selected and updated (with total sample size: 600)!
[INFO](2022/12/01/ 02:14:27 PM) [Round: 0001] ...client 0076 is selected and updated (with total sample size: 600)!
[INFO](2022/12/01/ 02:14:27 PM) [Round: 0001] ...client 0028 is selected and updated (with total sample size: 600)!
[INFO](2022/12/01/ 02:14:27 PM) [Round: 0001] ...client 0015 is selected and updated (with total sample size: 600)!
[INFO](2022/12/01/ 02:14:27 PM) [Round: 0001] ...client 0059 is selected and updated (with total sample size: 600)!
[INFO](2022/12/01/ 02:14:27 PM) [Round: 0001] ...client 0063 is selected and updated (with total sample size: 600)!
[INFO](2022/12/01/ 02:14:27 PM) [Round: 0001] ...client 0037 is selected and updated (with total sample size: 600)!
[INFO](2022/12/01/ 02:14:27 PM) [Round: 0001] ...client 0086 is selected and updated (with total sample size: 600)!
[INFO](2022/12/01/ 02:14:27 PM) [Round: 0001] Evaluate selected 10 clients' models...!
[INFO](2022/12/01/ 02:14:28 PM) 	[Client 0015] ...finished evaluation!            
	=> Test loss: 0.0002            
	=> Test accuracy: 100.00%

[INFO](2022/12/01/ 02:14:28 PM) 	[Client 0086] ...finished evaluation!            
	=> Test loss: 0.0004            
	=> Test accuracy: 100.00%

[INFO](2022/12/01/ 02:14:28 PM) 	[Client 0054] ...finished evaluation!            
	=> Test loss: 0.0005            
	=> Test accuracy: 100.00%

[INFO](2022/12/01/ 02:14:28 PM) 	[Client 0037] ...finished evaluation!            
	=> Test loss: 0.0004            
	=> Test accuracy: 100.00%

[INFO](2022/12/01/ 02:14:28 PM) 	[Client 0028] ...finished evaluation!            
	=> Test loss: 0.0001            
	=> Test accuracy: 100.00%

[INFO](2022/12/01/ 02:14:28 PM) 	[Client 0001] ...finished evaluation!            
	=> Test loss: 0.0007            
	=> Test accuracy: 100.00%

[INFO](2022/12/01/ 02:14:28 PM) 	[Client 0059] ...finished evaluation!            
	=> Test loss: 0.0008            
	=> Test accuracy: 100.00%

[INFO](2022/12/01/ 02:14:28 PM) 	[Client 0063] ...finished evaluation!            
	=> Test loss: 0.0000            
	=> Test accuracy: 100.00%

[INFO](2022/12/01/ 02:14:28 PM) 	[Client 0076] ...finished evaluation!            
	=> Test loss: 0.0008            
	=> Test accuracy: 100.00%

[INFO](2022/12/01/ 02:14:28 PM) 	[Client 0077] ...finished evaluation!            
	=> Test loss: 0.0002            
	=> Test accuracy: 100.00%

[INFO](2022/12/01/ 02:14:28 PM) [Round: 0001] Aggregate updated weights of 10 clients...!
[INFO](2022/12/01/ 02:14:28 PM) [Round: 0001] ...updated weights of 10 clients are successfully averaged!
[INFO](2022/12/01/ 02:14:29 PM) [Round: 0001] Evaluate global model's performance...!                
	[Server] ...finished evaluation!                
	=> Loss: 1.8981                
	=> Accuracy: 48.40%

[INFO](2022/12/01/ 02:14:29 PM) [Round: 0002] Select clients...!
[INFO](2022/12/01/ 02:14:29 PM) [Round: 0002] ...successfully transmitted models to 10 selected clients!
[INFO](2022/12/01/ 02:14:29 PM) [Round: 0002] Start updating selected client 0000...!
[INFO](2022/12/01/ 02:14:29 PM) [Round: 0002] Start updating selected client 0007...!
[INFO](2022/12/01/ 02:14:29 PM) [Round: 0002] Start updating selected client 0025...!
[INFO](2022/12/01/ 02:14:29 PM) [Round: 0002] Start updating selected client 0029...!
[INFO](2022/12/01/ 02:14:29 PM) [Round: 0002] Start updating selected client 0045...!
[INFO](2022/12/01/ 02:14:29 PM) [Round: 0002] Start updating selected client 0071...!
[INFO](2022/12/01/ 02:14:29 PM) [Round: 0002] Start updating selected client 0051...!
[INFO](2022/12/01/ 02:14:29 PM) [Round: 0002] Start updating selected client 0086...!
[INFO](2022/12/01/ 02:14:29 PM) [Round: 0002] Start updating selected client 0091...!
[INFO](2022/12/01/ 02:14:29 PM) [Round: 0002] Start updating selected client 0080...!
[INFO](2022/12/01/ 02:14:32 PM) [Round: 0002] ...client 0000 is selected and updated (with total sample size: 600)!
[INFO](2022/12/01/ 02:14:32 PM) [Round: 0002] ...client 0071 is selected and updated (with total sample size: 600)!
[INFO](2022/12/01/ 02:14:32 PM) [Round: 0002] ...client 0025 is selected and updated (with total sample size: 600)!
[INFO](2022/12/01/ 02:14:33 PM) [Round: 0002] ...client 0051 is selected and updated (with total sample size: 600)!
[INFO](2022/12/01/ 02:14:33 PM) [Round: 0002] ...client 0086 is selected and updated (with total sample size: 600)!
[INFO](2022/12/01/ 02:14:33 PM) [Round: 0002] ...client 0080 is selected and updated (with total sample size: 600)!
[INFO](2022/12/01/ 02:14:34 PM) [Round: 0002] ...client 0029 is selected and updated (with total sample size: 600)!
[INFO](2022/12/01/ 02:14:34 PM) [Round: 0002] ...client 0007 is selected and updated (with total sample size: 600)!
[INFO](2022/12/01/ 02:14:34 PM) [Round: 0002] ...client 0045 is selected and updated (with total sample size: 600)!
[INFO](2022/12/01/ 02:14:34 PM) [Round: 0002] ...client 0091 is selected and updated (with total sample size: 600)!
[INFO](2022/12/01/ 02:14:34 PM) [Round: 0002] Evaluate selected 10 clients' models...!
[INFO](2022/12/01/ 02:14:34 PM) 	[Client 0029] ...finished evaluation!            
	=> Test loss: 0.0004            
	=> Test accuracy: 100.00%

[INFO](2022/12/01/ 02:14:34 PM) 	[Client 0045] ...finished evaluation!            
	=> Test loss: 0.0003            
	=> Test accuracy: 100.00%

[INFO](2022/12/01/ 02:14:34 PM) 	[Client 0071] ...finished evaluation!            
	=> Test loss: 0.0008            
	=> Test accuracy: 100.00%

[INFO](2022/12/01/ 02:14:34 PM) 	[Client 0086] ...finished evaluation!            
	=> Test loss: 0.0003            
	=> Test accuracy: 100.00%

[INFO](2022/12/01/ 02:14:34 PM) 	[Client 0025] ...finished evaluation!            
	=> Test loss: 0.0000            
	=> Test accuracy: 100.00%

[INFO](2022/12/01/ 02:14:34 PM) 	[Client 0000] ...finished evaluation!            
	=> Test loss: 0.0000            
	=> Test accuracy: 100.00%

[INFO](2022/12/01/ 02:14:34 PM) 	[Client 0080] ...finished evaluation!            
	=> Test loss: 0.0000            
	=> Test accuracy: 100.00%

[INFO](2022/12/01/ 02:14:34 PM) 	[Client 0051] ...finished evaluation!            
	=> Test loss: 0.0003            
	=> Test accuracy: 100.00%

[INFO](2022/12/01/ 02:14:34 PM) 	[Client 0091] ...finished evaluation!            
	=> Test loss: 0.0005            
	=> Test accuracy: 100.00%

[INFO](2022/12/01/ 02:14:34 PM) 	[Client 0007] ...finished evaluation!            
	=> Test loss: 0.0005            
	=> Test accuracy: 100.00%

[INFO](2022/12/01/ 02:14:34 PM) [Round: 0002] Aggregate updated weights of 10 clients...!
[INFO](2022/12/01/ 02:14:34 PM) [Round: 0002] ...updated weights of 10 clients are successfully averaged!
[INFO](2022/12/01/ 02:14:35 PM) [Round: 0002] Evaluate global model's performance...!                
	[Server] ...finished evaluation!                
	=> Loss: 2.2620                
	=> Accuracy: 39.08%

[INFO](2022/12/01/ 02:14:35 PM) [Round: 0003] Select clients...!
[INFO](2022/12/01/ 02:14:35 PM) [Round: 0003] ...successfully transmitted models to 10 selected clients!
[INFO](2022/12/01/ 02:14:35 PM) [Round: 0003] Start updating selected client 0015...!
[INFO](2022/12/01/ 02:14:35 PM) [Round: 0003] Start updating selected client 0019...!
[INFO](2022/12/01/ 02:14:35 PM) [Round: 0003] Start updating selected client 0022...!
[INFO](2022/12/01/ 02:14:35 PM) [Round: 0003] Start updating selected client 0029...!
[INFO](2022/12/01/ 02:14:35 PM) [Round: 0003] Start updating selected client 0036...!
[INFO](2022/12/01/ 02:14:35 PM) [Round: 0003] Start updating selected client 0038...!
[INFO](2022/12/01/ 02:14:35 PM) [Round: 0003] Start updating selected client 0060...!
[INFO](2022/12/01/ 02:14:35 PM) [Round: 0003] Start updating selected client 0069...!
[INFO](2022/12/01/ 02:14:35 PM) [Round: 0003] Start updating selected client 0075...!
[INFO](2022/12/01/ 02:14:35 PM) [Round: 0003] Start updating selected client 0078...!
[INFO](2022/12/01/ 02:14:39 PM) [Round: 0003] ...client 0060 is selected and updated (with total sample size: 600)!
[INFO](2022/12/01/ 02:14:39 PM) [Round: 0003] ...client 0015 is selected and updated (with total sample size: 600)!
[INFO](2022/12/01/ 02:14:39 PM) [Round: 0003] ...client 0069 is selected and updated (with total sample size: 600)!
[INFO](2022/12/01/ 02:14:39 PM) [Round: 0003] ...client 0078 is selected and updated (with total sample size: 600)!
[INFO](2022/12/01/ 02:14:40 PM) [Round: 0003] ...client 0019 is selected and updated (with total sample size: 600)!
[INFO](2022/12/01/ 02:14:40 PM) [Round: 0003] ...client 0029 is selected and updated (with total sample size: 600)!
[INFO](2022/12/01/ 02:14:40 PM) [Round: 0003] ...client 0022 is selected and updated (with total sample size: 600)!
[INFO](2022/12/01/ 02:14:40 PM) [Round: 0003] ...client 0075 is selected and updated (with total sample size: 600)!
[INFO](2022/12/01/ 02:14:40 PM) [Round: 0003] ...client 0036 is selected and updated (with total sample size: 600)!
[INFO](2022/12/01/ 02:14:40 PM) [Round: 0003] ...client 0038 is selected and updated (with total sample size: 600)!
[INFO](2022/12/01/ 02:14:40 PM) [Round: 0003] Evaluate selected 10 clients' models...!
[INFO](2022/12/01/ 02:14:40 PM) 	[Client 0060] ...finished evaluation!            
	=> Test loss: 0.0001            
	=> Test accuracy: 100.00%

[INFO](2022/12/01/ 02:14:40 PM) 	[Client 0015] ...finished evaluation!            
	=> Test loss: 0.0002            
	=> Test accuracy: 100.00%

[INFO](2022/12/01/ 02:14:40 PM) 	[Client 0029] ...finished evaluation!            
	=> Test loss: 0.0005            
	=> Test accuracy: 100.00%

[INFO](2022/12/01/ 02:14:40 PM) 	[Client 0075] ...finished evaluation!            
	=> Test loss: 0.0001            
	=> Test accuracy: 100.00%

[INFO](2022/12/01/ 02:14:41 PM) 	[Client 0022] ...finished evaluation!            
	=> Test loss: 0.0003            
	=> Test accuracy: 100.00%

[INFO](2022/12/01/ 02:14:41 PM) 	[Client 0069] ...finished evaluation!            
	=> Test loss: 0.0005            
	=> Test accuracy: 100.00%

[INFO](2022/12/01/ 02:14:41 PM) 	[Client 0078] ...finished evaluation!            
	=> Test loss: 0.0001            
	=> Test accuracy: 100.00%

[INFO](2022/12/01/ 02:14:41 PM) 	[Client 0019] ...finished evaluation!            
	=> Test loss: 0.0003            
	=> Test accuracy: 100.00%

[INFO](2022/12/01/ 02:14:41 PM) 	[Client 0038] ...finished evaluation!            
	=> Test loss: 0.0000            
	=> Test accuracy: 100.00%

[INFO](2022/12/01/ 02:14:41 PM) 	[Client 0036] ...finished evaluation!            
	=> Test loss: 0.0003            
	=> Test accuracy: 100.00%

[INFO](2022/12/01/ 02:14:41 PM) [Round: 0003] Aggregate updated weights of 10 clients...!
[INFO](2022/12/01/ 02:14:41 PM) [Round: 0003] ...updated weights of 10 clients are successfully averaged!
[INFO](2022/12/01/ 02:14:41 PM) [Round: 0003] Evaluate global model's performance...!                
	[Server] ...finished evaluation!                
	=> Loss: 1.5037                
	=> Accuracy: 45.07%

[INFO](2022/12/01/ 02:14:41 PM) [Round: 0004] Select clients...!
[INFO](2022/12/01/ 02:14:41 PM) [Round: 0004] ...successfully transmitted models to 10 selected clients!
[INFO](2022/12/01/ 02:14:41 PM) [Round: 0004] Start updating selected client 0004...!
[INFO](2022/12/01/ 02:14:41 PM) [Round: 0004] Start updating selected client 0012...!
[INFO](2022/12/01/ 02:14:41 PM) [Round: 0004] Start updating selected client 0016...!
[INFO](2022/12/01/ 02:14:41 PM) [Round: 0004] Start updating selected client 0024...!
[INFO](2022/12/01/ 02:14:41 PM) [Round: 0004] Start updating selected client 0047...!
[INFO](2022/12/01/ 02:14:41 PM) [Round: 0004] Start updating selected client 0048...!
[INFO](2022/12/01/ 02:14:41 PM) [Round: 0004] Start updating selected client 0049...!
[INFO](2022/12/01/ 02:14:41 PM) [Round: 0004] Start updating selected client 0079...!
[INFO](2022/12/01/ 02:14:41 PM) [Round: 0004] Start updating selected client 0086...!
[INFO](2022/12/01/ 02:14:41 PM) [Round: 0004] Start updating selected client 0058...!
[INFO](2022/12/01/ 02:14:45 PM) [Round: 0004] ...client 0012 is selected and updated (with total sample size: 600)!
[INFO](2022/12/01/ 02:14:45 PM) [Round: 0004] ...client 0049 is selected and updated (with total sample size: 600)!
[INFO](2022/12/01/ 02:14:45 PM) [Round: 0004] ...client 0058 is selected and updated (with total sample size: 600)!
[INFO](2022/12/01/ 02:14:46 PM) [Round: 0004] ...client 0079 is selected and updated (with total sample size: 600)!
[INFO](2022/12/01/ 02:14:46 PM) [Round: 0004] ...client 0024 is selected and updated (with total sample size: 600)!
[INFO](2022/12/01/ 02:14:46 PM) [Round: 0004] ...client 0004 is selected and updated (with total sample size: 600)!
[INFO](2022/12/01/ 02:14:46 PM) [Round: 0004] ...client 0086 is selected and updated (with total sample size: 600)!
[INFO](2022/12/01/ 02:14:46 PM) [Round: 0004] ...client 0048 is selected and updated (with total sample size: 600)!
[INFO](2022/12/01/ 02:14:46 PM) [Round: 0004] ...client 0047 is selected and updated (with total sample size: 600)!
[INFO](2022/12/01/ 02:14:46 PM) [Round: 0004] ...client 0016 is selected and updated (with total sample size: 600)!
[INFO](2022/12/01/ 02:14:46 PM) [Round: 0004] Evaluate selected 10 clients' models...!
[INFO](2022/12/01/ 02:14:47 PM) 	[Client 0016] ...finished evaluation!            
	=> Test loss: 0.0004            
	=> Test accuracy: 100.00%

[INFO](2022/12/01/ 02:14:47 PM) 	[Client 0058] ...finished evaluation!            
	=> Test loss: 0.0001            
	=> Test accuracy: 100.00%

[INFO](2022/12/01/ 02:14:47 PM) 	[Client 0024] ...finished evaluation!            
	=> Test loss: 0.0003            
	=> Test accuracy: 100.00%

[INFO](2022/12/01/ 02:14:47 PM) 	[Client 0049] ...finished evaluation!            
	=> Test loss: 0.0003            
	=> Test accuracy: 100.00%

[INFO](2022/12/01/ 02:14:47 PM) 	[Client 0086] ...finished evaluation!            
	=> Test loss: 0.0003            
	=> Test accuracy: 100.00%

[INFO](2022/12/01/ 02:14:47 PM) 	[Client 0012] ...finished evaluation!            
	=> Test loss: 0.0004            
	=> Test accuracy: 100.00%

[INFO](2022/12/01/ 02:14:47 PM) 	[Client 0047] ...finished evaluation!            
	=> Test loss: 0.0002            
	=> Test accuracy: 100.00%

[INFO](2022/12/01/ 02:14:47 PM) 	[Client 0048] ...finished evaluation!            
	=> Test loss: 0.0001            
	=> Test accuracy: 100.00%

[INFO](2022/12/01/ 02:14:47 PM) 	[Client 0079] ...finished evaluation!            
	=> Test loss: 0.0004            
	=> Test accuracy: 100.00%

[INFO](2022/12/01/ 02:14:47 PM) 	[Client 0004] ...finished evaluation!            
	=> Test loss: 0.0010            
	=> Test accuracy: 100.00%

[INFO](2022/12/01/ 02:14:47 PM) [Round: 0004] Aggregate updated weights of 10 clients...!
[INFO](2022/12/01/ 02:14:47 PM) [Round: 0004] ...updated weights of 10 clients are successfully averaged!
[INFO](2022/12/01/ 02:14:48 PM) [Round: 0004] Evaluate global model's performance...!                
	[Server] ...finished evaluation!                
	=> Loss: 0.8968                
	=> Accuracy: 66.74%

[INFO](2022/12/01/ 02:14:48 PM) [Round: 0005] Select clients...!
[INFO](2022/12/01/ 02:14:48 PM) [Round: 0005] ...successfully transmitted models to 10 selected clients!
[INFO](2022/12/01/ 02:14:48 PM) [Round: 0005] Start updating selected client 0004...!
[INFO](2022/12/01/ 02:14:48 PM) [Round: 0005] Start updating selected client 0010...!
[INFO](2022/12/01/ 02:14:48 PM) [Round: 0005] Start updating selected client 0021...!
[INFO](2022/12/01/ 02:14:48 PM) [Round: 0005] Start updating selected client 0030...!
[INFO](2022/12/01/ 02:14:48 PM) [Round: 0005] Start updating selected client 0045...!
[INFO](2022/12/01/ 02:14:48 PM) [Round: 0005] Start updating selected client 0051...!
[INFO](2022/12/01/ 02:14:48 PM) [Round: 0005] Start updating selected client 0085...!
[INFO](2022/12/01/ 02:14:48 PM) [Round: 0005] Start updating selected client 0068...!
[INFO](2022/12/01/ 02:14:48 PM) [Round: 0005] Start updating selected client 0053...!
[INFO](2022/12/01/ 02:14:48 PM) [Round: 0005] Start updating selected client 0096...!
[INFO](2022/12/01/ 02:14:51 PM) [Round: 0005] ...client 0004 is selected and updated (with total sample size: 600)!
[INFO](2022/12/01/ 02:14:51 PM) [Round: 0005] ...client 0021 is selected and updated (with total sample size: 600)!
[INFO](2022/12/01/ 02:14:52 PM) [Round: 0005] ...client 0010 is selected and updated (with total sample size: 600)!
[INFO](2022/12/01/ 02:14:52 PM) [Round: 0005] ...client 0053 is selected and updated (with total sample size: 600)!
[INFO](2022/12/01/ 02:14:52 PM) [Round: 0005] ...client 0051 is selected and updated (with total sample size: 600)!
[INFO](2022/12/01/ 02:14:52 PM) [Round: 0005] ...client 0045 is selected and updated (with total sample size: 600)!
[INFO](2022/12/01/ 02:14:52 PM) [Round: 0005] ...client 0068 is selected and updated (with total sample size: 600)!
[INFO](2022/12/01/ 02:14:52 PM) [Round: 0005] ...client 0085 is selected and updated (with total sample size: 600)!
[INFO](2022/12/01/ 02:14:52 PM) [Round: 0005] ...client 0030 is selected and updated (with total sample size: 600)!
[INFO](2022/12/01/ 02:14:52 PM) [Round: 0005] ...client 0096 is selected and updated (with total sample size: 600)!
[INFO](2022/12/01/ 02:14:53 PM) [Round: 0005] Evaluate selected 10 clients' models...!
[INFO](2022/12/01/ 02:14:53 PM) 	[Client 0096] ...finished evaluation!            
	=> Test loss: 0.0002            
	=> Test accuracy: 100.00%

[INFO](2022/12/01/ 02:14:53 PM) 	[Client 0085] ...finished evaluation!            
	=> Test loss: 0.0001            
	=> Test accuracy: 100.00%

[INFO](2022/12/01/ 02:14:53 PM) 	[Client 0021] ...finished evaluation!            
	=> Test loss: 0.0002            
	=> Test accuracy: 100.00%

[INFO](2022/12/01/ 02:14:53 PM) 	[Client 0045] ...finished evaluation!            
	=> Test loss: 0.0001            
	=> Test accuracy: 100.00%

[INFO](2022/12/01/ 02:14:53 PM) 	[Client 0053] ...finished evaluation!            
	=> Test loss: 0.0001            
	=> Test accuracy: 100.00%

[INFO](2022/12/01/ 02:14:53 PM) 	[Client 0010] ...finished evaluation!            
	=> Test loss: 0.0002            
	=> Test accuracy: 100.00%

[INFO](2022/12/01/ 02:14:53 PM) 	[Client 0004] ...finished evaluation!            
	=> Test loss: 0.0009            
	=> Test accuracy: 100.00%

[INFO](2022/12/01/ 02:14:53 PM) 	[Client 0068] ...finished evaluation!            
	=> Test loss: 0.0001            
	=> Test accuracy: 100.00%

[INFO](2022/12/01/ 02:14:53 PM) 	[Client 0051] ...finished evaluation!            
	=> Test loss: 0.0002            
	=> Test accuracy: 100.00%

[INFO](2022/12/01/ 02:14:53 PM) 	[Client 0030] ...finished evaluation!            
	=> Test loss: 0.0000            
	=> Test accuracy: 100.00%

[INFO](2022/12/01/ 02:14:53 PM) [Round: 0005] Aggregate updated weights of 10 clients...!
[INFO](2022/12/01/ 02:14:53 PM) [Round: 0005] ...updated weights of 10 clients are successfully averaged!
[INFO](2022/12/01/ 02:14:54 PM) [Round: 0005] Evaluate global model's performance...!                
	[Server] ...finished evaluation!                
	=> Loss: 1.4477                
	=> Accuracy: 55.07%

[INFO](2022/12/01/ 02:14:54 PM) [Round: 0006] Select clients...!
[INFO](2022/12/01/ 02:14:54 PM) [Round: 0006] ...successfully transmitted models to 10 selected clients!
[INFO](2022/12/01/ 02:14:54 PM) [Round: 0006] Start updating selected client 0003...!
[INFO](2022/12/01/ 02:14:54 PM) [Round: 0006] Start updating selected client 0014...!
[INFO](2022/12/01/ 02:14:54 PM) [Round: 0006] Start updating selected client 0019...!
[INFO](2022/12/01/ 02:14:54 PM) [Round: 0006] Start updating selected client 0037...!
[INFO](2022/12/01/ 02:14:54 PM) [Round: 0006] Start updating selected client 0038...!
[INFO](2022/12/01/ 02:14:54 PM) [Round: 0006] Start updating selected client 0040...!
[INFO](2022/12/01/ 02:14:54 PM) [Round: 0006] Start updating selected client 0075...!
[INFO](2022/12/01/ 02:14:54 PM) [Round: 0006] Start updating selected client 0095...!
[INFO](2022/12/01/ 02:14:54 PM) [Round: 0006] Start updating selected client 0081...!
[INFO](2022/12/01/ 02:14:54 PM) [Round: 0006] Start updating selected client 0042...!
[INFO](2022/12/01/ 02:14:58 PM) [Round: 0006] ...client 0014 is selected and updated (with total sample size: 600)!
[INFO](2022/12/01/ 02:14:58 PM) [Round: 0006] ...client 0075 is selected and updated (with total sample size: 600)!
[INFO](2022/12/01/ 02:14:58 PM) [Round: 0006] ...client 0042 is selected and updated (with total sample size: 600)!
[INFO](2022/12/01/ 02:14:58 PM) [Round: 0006] ...client 0095 is selected and updated (with total sample size: 600)!
[INFO](2022/12/01/ 02:14:58 PM) [Round: 0006] ...client 0037 is selected and updated (with total sample size: 600)!
[INFO](2022/12/01/ 02:14:58 PM) [Round: 0006] ...client 0081 is selected and updated (with total sample size: 600)!
[INFO](2022/12/01/ 02:14:58 PM) [Round: 0006] ...client 0038 is selected and updated (with total sample size: 600)!
[INFO](2022/12/01/ 02:14:59 PM) [Round: 0006] ...client 0019 is selected and updated (with total sample size: 600)!
[INFO](2022/12/01/ 02:14:59 PM) [Round: 0006] ...client 0040 is selected and updated (with total sample size: 600)!
[INFO](2022/12/01/ 02:14:59 PM) [Round: 0006] ...client 0003 is selected and updated (with total sample size: 600)!
[INFO](2022/12/01/ 02:14:59 PM) [Round: 0006] Evaluate selected 10 clients' models...!
[INFO](2022/12/01/ 02:14:59 PM) 	[Client 0019] ...finished evaluation!            
	=> Test loss: 0.0002            
	=> Test accuracy: 100.00%

[INFO](2022/12/01/ 02:14:59 PM) 	[Client 0081] ...finished evaluation!            
	=> Test loss: 0.0003            
	=> Test accuracy: 100.00%

[INFO](2022/12/01/ 02:14:59 PM) 	[Client 0003] ...finished evaluation!            
	=> Test loss: 0.0003            
	=> Test accuracy: 100.00%

[INFO](2022/12/01/ 02:14:59 PM) 	[Client 0038] ...finished evaluation!            
	=> Test loss: 0.0001            
	=> Test accuracy: 100.00%

[INFO](2022/12/01/ 02:14:59 PM) 	[Client 0042] ...finished evaluation!            
	=> Test loss: 0.0002            
	=> Test accuracy: 100.00%

[INFO](2022/12/01/ 02:14:59 PM) 	[Client 0075] ...finished evaluation!            
	=> Test loss: 0.0001            
	=> Test accuracy: 100.00%

[INFO](2022/12/01/ 02:14:59 PM) 	[Client 0014] ...finished evaluation!            
	=> Test loss: 0.0004            
	=> Test accuracy: 100.00%

[INFO](2022/12/01/ 02:14:59 PM) 	[Client 0037] ...finished evaluation!            
	=> Test loss: 0.0002            
	=> Test accuracy: 100.00%

[INFO](2022/12/01/ 02:14:59 PM) 	[Client 0095] ...finished evaluation!            
	=> Test loss: 0.0001            
	=> Test accuracy: 100.00%

[INFO](2022/12/01/ 02:14:59 PM) 	[Client 0040] ...finished evaluation!            
	=> Test loss: 0.0001            
	=> Test accuracy: 100.00%

[INFO](2022/12/01/ 02:14:59 PM) [Round: 0006] Aggregate updated weights of 10 clients...!
[INFO](2022/12/01/ 02:14:59 PM) [Round: 0006] ...updated weights of 10 clients are successfully averaged!
[INFO](2022/12/01/ 02:15:00 PM) [Round: 0006] Evaluate global model's performance...!                
	[Server] ...finished evaluation!                
	=> Loss: 0.5459                
	=> Accuracy: 81.10%

[INFO](2022/12/01/ 02:15:00 PM) [Round: 0007] Select clients...!
[INFO](2022/12/01/ 02:15:00 PM) [Round: 0007] ...successfully transmitted models to 10 selected clients!
[INFO](2022/12/01/ 02:15:00 PM) [Round: 0007] Start updating selected client 0007...!
[INFO](2022/12/01/ 02:15:00 PM) [Round: 0007] Start updating selected client 0009...!
[INFO](2022/12/01/ 02:15:00 PM) [Round: 0007] Start updating selected client 0055...!
[INFO](2022/12/01/ 02:15:00 PM) [Round: 0007] Start updating selected client 0060...!
[INFO](2022/12/01/ 02:15:00 PM) [Round: 0007] Start updating selected client 0049...!
[INFO](2022/12/01/ 02:15:00 PM) [Round: 0007] Start updating selected client 0061...!
[INFO](2022/12/01/ 02:15:00 PM) [Round: 0007] Start updating selected client 0067...!
[INFO](2022/12/01/ 02:15:00 PM) [Round: 0007] Start updating selected client 0093...!
[INFO](2022/12/01/ 02:15:00 PM) [Round: 0007] Start updating selected client 0099...!
[INFO](2022/12/01/ 02:15:00 PM) [Round: 0007] Start updating selected client 0070...!
[INFO](2022/12/01/ 02:15:03 PM) [Round: 0007] ...client 0060 is selected and updated (with total sample size: 600)!
[INFO](2022/12/01/ 02:15:04 PM) [Round: 0007] ...client 0009 is selected and updated (with total sample size: 600)!
[INFO](2022/12/01/ 02:15:04 PM) [Round: 0007] ...client 0061 is selected and updated (with total sample size: 600)!
[INFO](2022/12/01/ 02:15:04 PM) [Round: 0007] ...client 0070 is selected and updated (with total sample size: 600)!
[INFO](2022/12/01/ 02:15:04 PM) [Round: 0007] ...client 0007 is selected and updated (with total sample size: 600)!
[INFO](2022/12/01/ 02:15:05 PM) [Round: 0007] ...client 0099 is selected and updated (with total sample size: 600)!
[INFO](2022/12/01/ 02:15:05 PM) [Round: 0007] ...client 0093 is selected and updated (with total sample size: 600)!
[INFO](2022/12/01/ 02:15:05 PM) [Round: 0007] ...client 0049 is selected and updated (with total sample size: 600)!
[INFO](2022/12/01/ 02:15:05 PM) [Round: 0007] ...client 0055 is selected and updated (with total sample size: 600)!
[INFO](2022/12/01/ 02:15:05 PM) [Round: 0007] ...client 0067 is selected and updated (with total sample size: 600)!
[INFO](2022/12/01/ 02:15:05 PM) [Round: 0007] Evaluate selected 10 clients' models...!
[INFO](2022/12/01/ 02:15:05 PM) 	[Client 0049] ...finished evaluation!            
	=> Test loss: 0.0002            
	=> Test accuracy: 100.00%

[INFO](2022/12/01/ 02:15:05 PM) 	[Client 0009] ...finished evaluation!            
	=> Test loss: 0.0006            
	=> Test accuracy: 100.00%

[INFO](2022/12/01/ 02:15:05 PM) 	[Client 0093] ...finished evaluation!            
	=> Test loss: 0.0000            
	=> Test accuracy: 100.00%

[INFO](2022/12/01/ 02:15:05 PM) 	[Client 0061] ...finished evaluation!            
	=> Test loss: 0.0004            
	=> Test accuracy: 100.00%

[INFO](2022/12/01/ 02:15:05 PM) 	[Client 0055] ...finished evaluation!            
	=> Test loss: 0.0000            
	=> Test accuracy: 100.00%

[INFO](2022/12/01/ 02:15:05 PM) 	[Client 0060] ...finished evaluation!            
	=> Test loss: 0.0000            
	=> Test accuracy: 100.00%

[INFO](2022/12/01/ 02:15:05 PM) 	[Client 0067] ...finished evaluation!            
	=> Test loss: 0.0001            
	=> Test accuracy: 100.00%

[INFO](2022/12/01/ 02:15:05 PM) 	[Client 0070] ...finished evaluation!            
	=> Test loss: 0.0000            
	=> Test accuracy: 100.00%

[INFO](2022/12/01/ 02:15:05 PM) 	[Client 0007] ...finished evaluation!            
	=> Test loss: 0.0002            
	=> Test accuracy: 100.00%

[INFO](2022/12/01/ 02:15:05 PM) 	[Client 0099] ...finished evaluation!            
	=> Test loss: 0.0003            
	=> Test accuracy: 100.00%

[INFO](2022/12/01/ 02:15:05 PM) [Round: 0007] Aggregate updated weights of 10 clients...!
[INFO](2022/12/01/ 02:15:06 PM) [Round: 0007] ...updated weights of 10 clients are successfully averaged!
[INFO](2022/12/01/ 02:15:06 PM) [Round: 0007] Evaluate global model's performance...!                
	[Server] ...finished evaluation!                
	=> Loss: 0.4576                
	=> Accuracy: 82.09%

[INFO](2022/12/01/ 02:15:06 PM) [Round: 0008] Select clients...!
[INFO](2022/12/01/ 02:15:06 PM) [Round: 0008] ...successfully transmitted models to 10 selected clients!
[INFO](2022/12/01/ 02:15:06 PM) [Round: 0008] Start updating selected client 0005...!
[INFO](2022/12/01/ 02:15:06 PM) [Round: 0008] Start updating selected client 0017...!
[INFO](2022/12/01/ 02:15:06 PM) [Round: 0008] Start updating selected client 0032...!
[INFO](2022/12/01/ 02:15:06 PM) [Round: 0008] Start updating selected client 0034...!
[INFO](2022/12/01/ 02:15:06 PM) [Round: 0008] Start updating selected client 0039...!
[INFO](2022/12/01/ 02:15:06 PM) [Round: 0008] Start updating selected client 0040...!
[INFO](2022/12/01/ 02:15:06 PM) [Round: 0008] Start updating selected client 0052...!
[INFO](2022/12/01/ 02:15:06 PM) [Round: 0008] Start updating selected client 0072...!
[INFO](2022/12/01/ 02:15:06 PM) [Round: 0008] Start updating selected client 0065...!
[INFO](2022/12/01/ 02:15:06 PM) [Round: 0008] Start updating selected client 0090...!
[INFO](2022/12/01/ 02:15:10 PM) [Round: 0008] ...client 0005 is selected and updated (with total sample size: 600)!
[INFO](2022/12/01/ 02:15:10 PM) [Round: 0008] ...client 0034 is selected and updated (with total sample size: 600)!
[INFO](2022/12/01/ 02:15:10 PM) [Round: 0008] ...client 0065 is selected and updated (with total sample size: 600)!
[INFO](2022/12/01/ 02:15:11 PM) [Round: 0008] ...client 0040 is selected and updated (with total sample size: 600)!
[INFO](2022/12/01/ 02:15:11 PM) [Round: 0008] ...client 0052 is selected and updated (with total sample size: 600)!
[INFO](2022/12/01/ 02:15:11 PM) [Round: 0008] ...client 0039 is selected and updated (with total sample size: 600)!
[INFO](2022/12/01/ 02:15:11 PM) [Round: 0008] ...client 0090 is selected and updated (with total sample size: 600)!
[INFO](2022/12/01/ 02:15:11 PM) [Round: 0008] ...client 0017 is selected and updated (with total sample size: 600)!
[INFO](2022/12/01/ 02:15:11 PM) [Round: 0008] ...client 0072 is selected and updated (with total sample size: 600)!
[INFO](2022/12/01/ 02:15:11 PM) [Round: 0008] ...client 0032 is selected and updated (with total sample size: 600)!
[INFO](2022/12/01/ 02:15:11 PM) [Round: 0008] Evaluate selected 10 clients' models...!
[INFO](2022/12/01/ 02:15:11 PM) 	[Client 0040] ...finished evaluation!            
	=> Test loss: 0.0001            
	=> Test accuracy: 100.00%

[INFO](2022/12/01/ 02:15:11 PM) 	[Client 0017] ...finished evaluation!            
	=> Test loss: 0.0002            
	=> Test accuracy: 100.00%

[INFO](2022/12/01/ 02:15:11 PM) 	[Client 0005] ...finished evaluation!            
	=> Test loss: 0.0000            
	=> Test accuracy: 100.00%

[INFO](2022/12/01/ 02:15:11 PM) 	[Client 0034] ...finished evaluation!            
	=> Test loss: 0.0003            
	=> Test accuracy: 100.00%

[INFO](2022/12/01/ 02:15:11 PM) 	[Client 0032] ...finished evaluation!            
	=> Test loss: 0.0001            
	=> Test accuracy: 100.00%

[INFO](2022/12/01/ 02:15:12 PM) 	[Client 0090] ...finished evaluation!            
	=> Test loss: 0.0001            
	=> Test accuracy: 100.00%

[INFO](2022/12/01/ 02:15:12 PM) 	[Client 0052] ...finished evaluation!            
	=> Test loss: 0.0001            
	=> Test accuracy: 100.00%

[INFO](2022/12/01/ 02:15:12 PM) 	[Client 0039] ...finished evaluation!            
	=> Test loss: 0.0002            
	=> Test accuracy: 100.00%

[INFO](2022/12/01/ 02:15:12 PM) 	[Client 0065] ...finished evaluation!            
	=> Test loss: 0.0001            
	=> Test accuracy: 100.00%

[INFO](2022/12/01/ 02:15:12 PM) 	[Client 0072] ...finished evaluation!            
	=> Test loss: 0.0000            
	=> Test accuracy: 100.00%

[INFO](2022/12/01/ 02:15:12 PM) [Round: 0008] Aggregate updated weights of 10 clients...!
[INFO](2022/12/01/ 02:15:12 PM) [Round: 0008] ...updated weights of 10 clients are successfully averaged!
[INFO](2022/12/01/ 02:15:12 PM) [Round: 0008] Evaluate global model's performance...!                
	[Server] ...finished evaluation!                
	=> Loss: 1.6775                
	=> Accuracy: 58.56%

[INFO](2022/12/01/ 02:15:12 PM) [Round: 0009] Select clients...!
[INFO](2022/12/01/ 02:15:12 PM) [Round: 0009] ...successfully transmitted models to 10 selected clients!
[INFO](2022/12/01/ 02:15:12 PM) [Round: 0009] Start updating selected client 0002...!
[INFO](2022/12/01/ 02:15:12 PM) [Round: 0009] Start updating selected client 0009...!
[INFO](2022/12/01/ 02:15:12 PM) [Round: 0009] Start updating selected client 0031...!
[INFO](2022/12/01/ 02:15:12 PM) [Round: 0009] Start updating selected client 0051...!
[INFO](2022/12/01/ 02:15:12 PM) [Round: 0009] Start updating selected client 0050...!
[INFO](2022/12/01/ 02:15:12 PM) [Round: 0009] Start updating selected client 0073...!
[INFO](2022/12/01/ 02:15:12 PM) [Round: 0009] Start updating selected client 0065...!
[INFO](2022/12/01/ 02:15:12 PM) [Round: 0009] Start updating selected client 0083...!
[INFO](2022/12/01/ 02:15:12 PM) [Round: 0009] Start updating selected client 0075...!
[INFO](2022/12/01/ 02:15:12 PM) [Round: 0009] Start updating selected client 0095...!
[INFO](2022/12/01/ 02:15:16 PM) [Round: 0009] ...client 0051 is selected and updated (with total sample size: 600)!
[INFO](2022/12/01/ 02:15:16 PM) [Round: 0009] ...client 0095 is selected and updated (with total sample size: 600)!
[INFO](2022/12/01/ 02:15:16 PM) [Round: 0009] ...client 0002 is selected and updated (with total sample size: 600)!
[INFO](2022/12/01/ 02:15:17 PM) [Round: 0009] ...client 0083 is selected and updated (with total sample size: 600)!
[INFO](2022/12/01/ 02:15:17 PM) [Round: 0009] ...client 0050 is selected and updated (with total sample size: 600)!
[INFO](2022/12/01/ 02:15:17 PM) [Round: 0009] ...client 0009 is selected and updated (with total sample size: 600)!
[INFO](2022/12/01/ 02:15:17 PM) [Round: 0009] ...client 0073 is selected and updated (with total sample size: 600)!
[INFO](2022/12/01/ 02:15:17 PM) [Round: 0009] ...client 0031 is selected and updated (with total sample size: 600)!
[INFO](2022/12/01/ 02:15:17 PM) [Round: 0009] ...client 0075 is selected and updated (with total sample size: 600)!
[INFO](2022/12/01/ 02:15:17 PM) [Round: 0009] ...client 0065 is selected and updated (with total sample size: 600)!
[INFO](2022/12/01/ 02:15:17 PM) [Round: 0009] Evaluate selected 10 clients' models...!
[INFO](2022/12/01/ 02:15:18 PM) 	[Client 0083] ...finished evaluation!            
	=> Test loss: 0.0000            
	=> Test accuracy: 100.00%

[INFO](2022/12/01/ 02:15:18 PM) 	[Client 0002] ...finished evaluation!            
	=> Test loss: 0.0002            
	=> Test accuracy: 100.00%

[INFO](2022/12/01/ 02:15:18 PM) 	[Client 0075] ...finished evaluation!            
	=> Test loss: 0.0000            
	=> Test accuracy: 100.00%

[INFO](2022/12/01/ 02:15:18 PM) 	[Client 0065] ...finished evaluation!            
	=> Test loss: 0.0000            
	=> Test accuracy: 100.00%

[INFO](2022/12/01/ 02:15:18 PM) 	[Client 0031] ...finished evaluation!            
	=> Test loss: 0.0004            
	=> Test accuracy: 100.00%

[INFO](2022/12/01/ 02:15:18 PM) 	[Client 0051] ...finished evaluation!            
	=> Test loss: 0.0002            
	=> Test accuracy: 100.00%

[INFO](2022/12/01/ 02:15:18 PM) 	[Client 0050] ...finished evaluation!            
	=> Test loss: 0.0000            
	=> Test accuracy: 100.00%

[INFO](2022/12/01/ 02:15:18 PM) 	[Client 0073] ...finished evaluation!            
	=> Test loss: 0.0000            
	=> Test accuracy: 100.00%

[INFO](2022/12/01/ 02:15:18 PM) 	[Client 0009] ...finished evaluation!            
	=> Test loss: 0.0005            
	=> Test accuracy: 100.00%

[INFO](2022/12/01/ 02:15:18 PM) 	[Client 0095] ...finished evaluation!            
	=> Test loss: 0.0000            
	=> Test accuracy: 100.00%

[INFO](2022/12/01/ 02:15:18 PM) [Round: 0009] Aggregate updated weights of 10 clients...!
[INFO](2022/12/01/ 02:15:18 PM) [Round: 0009] ...updated weights of 10 clients are successfully averaged!
[INFO](2022/12/01/ 02:15:19 PM) [Round: 0009] Evaluate global model's performance...!                
	[Server] ...finished evaluation!                
	=> Loss: 0.7817                
	=> Accuracy: 79.62%

[INFO](2022/12/01/ 02:15:19 PM) [Round: 0010] Select clients...!
[INFO](2022/12/01/ 02:15:19 PM) [Round: 0010] ...successfully transmitted models to 10 selected clients!
[INFO](2022/12/01/ 02:15:19 PM) [Round: 0010] Start updating selected client 0001...!
[INFO](2022/12/01/ 02:15:19 PM) [Round: 0010] Start updating selected client 0005...!
[INFO](2022/12/01/ 02:15:19 PM) [Round: 0010] Start updating selected client 0014...!
[INFO](2022/12/01/ 02:15:19 PM) [Round: 0010] Start updating selected client 0038...!
[INFO](2022/12/01/ 02:15:19 PM) [Round: 0010] Start updating selected client 0044...!
[INFO](2022/12/01/ 02:15:19 PM) [Round: 0010] Start updating selected client 0077...!
[INFO](2022/12/01/ 02:15:19 PM) [Round: 0010] Start updating selected client 0058...!
[INFO](2022/12/01/ 02:15:19 PM) [Round: 0010] Start updating selected client 0070...!
[INFO](2022/12/01/ 02:15:19 PM) [Round: 0010] Start updating selected client 0081...!
[INFO](2022/12/01/ 02:15:19 PM) [Round: 0010] Start updating selected client 0095...!
[INFO](2022/12/01/ 02:15:22 PM) [Round: 0010] ...client 0044 is selected and updated (with total sample size: 600)!
[INFO](2022/12/01/ 02:15:23 PM) [Round: 0010] ...client 0095 is selected and updated (with total sample size: 600)!
[INFO](2022/12/01/ 02:15:23 PM) [Round: 0010] ...client 0058 is selected and updated (with total sample size: 600)!
[INFO](2022/12/01/ 02:15:23 PM) [Round: 0010] ...client 0038 is selected and updated (with total sample size: 600)!
[INFO](2022/12/01/ 02:15:23 PM) [Round: 0010] ...client 0081 is selected and updated (with total sample size: 600)!
[INFO](2022/12/01/ 02:15:23 PM) [Round: 0010] ...client 0070 is selected and updated (with total sample size: 600)!
[INFO](2022/12/01/ 02:15:23 PM) [Round: 0010] ...client 0014 is selected and updated (with total sample size: 600)!
[INFO](2022/12/01/ 02:15:23 PM) [Round: 0010] ...client 0001 is selected and updated (with total sample size: 600)!
[INFO](2022/12/01/ 02:15:23 PM) [Round: 0010] ...client 0005 is selected and updated (with total sample size: 600)!
[INFO](2022/12/01/ 02:15:23 PM) [Round: 0010] ...client 0077 is selected and updated (with total sample size: 600)!
[INFO](2022/12/01/ 02:15:23 PM) [Round: 0010] Evaluate selected 10 clients' models...!
[INFO](2022/12/01/ 02:15:24 PM) 	[Client 0044] ...finished evaluation!            
	=> Test loss: 0.0006            
	=> Test accuracy: 100.00%

[INFO](2022/12/01/ 02:15:24 PM) 	[Client 0070] ...finished evaluation!            
	=> Test loss: 0.0000            
	=> Test accuracy: 100.00%

[INFO](2022/12/01/ 02:15:24 PM) 	[Client 0081] ...finished evaluation!            
	=> Test loss: 0.0002            
	=> Test accuracy: 100.00%

[INFO](2022/12/01/ 02:15:24 PM) 	[Client 0038] ...finished evaluation!            
	=> Test loss: 0.0001            
	=> Test accuracy: 100.00%

[INFO](2022/12/01/ 02:15:24 PM) 	[Client 0001] ...finished evaluation!            
	=> Test loss: 0.0002            
	=> Test accuracy: 100.00%

[INFO](2022/12/01/ 02:15:24 PM) 	[Client 0077] ...finished evaluation!            
	=> Test loss: 0.0001            
	=> Test accuracy: 100.00%

[INFO](2022/12/01/ 02:15:24 PM) 	[Client 0095] ...finished evaluation!            
	=> Test loss: 0.0000            
	=> Test accuracy: 100.00%

[INFO](2022/12/01/ 02:15:24 PM) 	[Client 0014] ...finished evaluation!            
	=> Test loss: 0.0003            
	=> Test accuracy: 100.00%

[INFO](2022/12/01/ 02:15:24 PM) 	[Client 0005] ...finished evaluation!            
	=> Test loss: 0.0000            
	=> Test accuracy: 100.00%

[INFO](2022/12/01/ 02:15:24 PM) 	[Client 0058] ...finished evaluation!            
	=> Test loss: 0.0001            
	=> Test accuracy: 100.00%

[INFO](2022/12/01/ 02:15:24 PM) [Round: 0010] Aggregate updated weights of 10 clients...!
[INFO](2022/12/01/ 02:15:24 PM) [Round: 0010] ...updated weights of 10 clients are successfully averaged!
[INFO](2022/12/01/ 02:15:25 PM) [Round: 0010] Evaluate global model's performance...!                
	[Server] ...finished evaluation!                
	=> Loss: 0.3775                
	=> Accuracy: 86.32%

[INFO](2022/12/01/ 02:15:25 PM) [Round: 0010] ...successfully transmitted models to all 100 clients!
[INFO](2022/12/01/ 02:15:25 PM) ...done all learning process!
...exit program!
